#
# There is insufficient memory for the Java Runtime Environment to continue.
# Native memory allocation (malloc) failed to allocate 2078176 bytes for Chunk::new
# Possible reasons:
#   The system is out of physical RAM or swap space
#   The process is running with CompressedOops enabled, and the Java Heap may be blocking the growth of the native heap
# Possible solutions:
#   Reduce memory load on the system
#   Increase physical memory or swap space
#   Check if swap backing store is full
#   Decrease Java heap size (-Xmx/-Xms)
#   Decrease number of Java threads
#   Decrease Java thread stack sizes (-Xss)
#   Set larger code cache with -XX:ReservedCodeCacheSize=
#   JVM is running with Unscaled Compressed Oops mode in which the Java heap is
#     placed in the first 4GB address space. The Java Heap base address is the
#     maximum limit for the native heap growth. Please use -XX:HeapBaseMinAddress
#     to set the Java Heap base and to place the Java Heap above 4GB virtual address.
# This output file may be truncated or incomplete.
#
#  Out of Memory Error (allocation.cpp:389), pid=16676, tid=0x0000000000003144
#
# JRE version: OpenJDK Runtime Environment (8.0_242-b01) (build 1.8.0_242-release-1644-b01)
# Java VM: OpenJDK 64-Bit Server VM (25.242-b01 mixed mode windows-amd64 compressed oops)
# Failed to write core dump. Minidumps are not enabled by default on client versions of Windows
#

---------------  T H R E A D  ---------------

Current thread (0x0000000017586800):  JavaThread "C2 CompilerThread0" daemon [_thread_in_native, id=12612, stack(0x0000000018be0000,0x0000000018ce0000)]

Stack: [0x0000000018be0000,0x0000000018ce0000]
[error occurred during error reporting (printing stack bounds), id 0xc0000005]

Native frames: (J=compiled Java code, j=interpreted, Vv=VM code, C=native code)


Current CompileTask:
C2:  27231 13303       4       com.android.tools.r8.ir.regalloc.a::a (3992 bytes)


---------------  P R O C E S S  ---------------

Java Threads: ( => current thread )
  0x000000001b79c000 JavaThread "stdout" [_thread_in_native, id=3644, stack(0x000000002c0a0000,0x000000002c1a0000)]
  0x000000001b799800 JavaThread "stderr" [_thread_in_native, id=20368, stack(0x000000002bfa0000,0x000000002c0a0000)]
  0x000000001b792000 JavaThread "stdout" [_thread_in_native, id=23120, stack(0x000000002bea0000,0x000000002bfa0000)]
  0x000000001b799000 JavaThread "stderr" [_thread_in_native, id=1136, stack(0x000000002bda0000,0x000000002bea0000)]
  0x000000001b794000 JavaThread "stdout" [_thread_in_native, id=4776, stack(0x000000002bca0000,0x000000002bda0000)]
  0x000000001b797800 JavaThread "stderr" [_thread_in_native, id=22004, stack(0x000000002b990000,0x000000002ba90000)]
  0x000000001b793800 JavaThread "stdout" [_thread_in_native, id=20836, stack(0x000000002bba0000,0x000000002bca0000)]
  0x000000001b792800 JavaThread "stderr" [_thread_in_native, id=22176, stack(0x000000002baa0000,0x000000002bba0000)]
  0x000000001b798000 JavaThread "pool-2-thread-1" [_thread_blocked, id=7208, stack(0x000000002b740000,0x000000002b840000)]
  0x000000001b791000 JavaThread "WorkerExecutor Queue Thread 4" [_thread_blocked, id=19016, stack(0x000000002b640000,0x000000002b740000)]
  0x000000001b796800 JavaThread "WorkerExecutor Queue Thread 3" [_thread_blocked, id=11112, stack(0x000000002b540000,0x000000002b640000)]
  0x000000001b795000 JavaThread "WorkerExecutor Queue Thread 2" [_thread_blocked, id=22928, stack(0x000000002b440000,0x000000002b540000)]
  0x000000001f2c6800 JavaThread "WorkerExecutor Queue" [_thread_blocked, id=4368, stack(0x0000000029b10000,0x0000000029c10000)]
  0x000000001f2c0800 JavaThread "Cache worker for execution history cache (G:\KiemDinhPhanMem\appfilm\.gradle\6.5\executionHistory)" [_thread_blocked, id=2584, stack(0x0000000029f70000,0x000000002a070000)]
  0x000000001f2bd800 JavaThread "Execution worker for ':' Thread 3" [_thread_blocked, id=21740, stack(0x0000000029e70000,0x0000000029f70000)]
  0x000000001f2c4800 JavaThread "Execution worker for ':' Thread 2" [_thread_blocked, id=10144, stack(0x0000000029d70000,0x0000000029e70000)]
  0x000000001f2bf000 JavaThread "Execution worker for ':'" [_thread_blocked, id=8848, stack(0x0000000029c70000,0x0000000029d70000)]
  0x000000001f2bc000 JavaThread "Cache worker for file content cache (G:\KiemDinhPhanMem\appfilm\.gradle\6.5\fileContent)" [_thread_blocked, id=2700, stack(0x0000000029610000,0x0000000029710000)]
  0x000000001f2ba800 JavaThread "Memory manager" [_thread_blocked, id=17204, stack(0x0000000029510000,0x0000000029610000)]
  0x000000001903a800 JavaThread "Cache worker for Build Output Cleanup Cache (G:\KiemDinhPhanMem\appfilm\.gradle\buildOutputCleanup)" [_thread_blocked, id=18140, stack(0x0000000028410000,0x0000000028510000)]
  0x0000000019037800 JavaThread "jar transforms Thread 94" [_thread_blocked, id=12640, stack(0x0000000028110000,0x0000000028210000)]
  0x0000000019036800 JavaThread "jar transforms Thread 93" [_thread_blocked, id=7080, stack(0x0000000028010000,0x0000000028110000)]
  0x0000000019036000 JavaThread "jar transforms Thread 92" [_thread_blocked, id=20108, stack(0x0000000027f10000,0x0000000028010000)]
  0x0000000019033800 JavaThread "jar transforms Thread 91" [_thread_blocked, id=7044, stack(0x0000000027e10000,0x0000000027f10000)]
  0x0000000019034800 JavaThread "jar transforms Thread 90" [_thread_blocked, id=23912, stack(0x0000000027d10000,0x0000000027e10000)]
  0x0000000019039800 JavaThread "jar transforms Thread 89" [_thread_blocked, id=13972, stack(0x0000000027c10000,0x0000000027d10000)]
  0x0000000019039000 JavaThread "jar transforms Thread 88" [_thread_blocked, id=25588, stack(0x0000000027b10000,0x0000000027c10000)]
  0x0000000019035000 JavaThread "jar transforms Thread 87" [_thread_blocked, id=7656, stack(0x0000000027a10000,0x0000000027b10000)]
  0x0000000019038000 JavaThread "jar transforms Thread 86" [_thread_blocked, id=2956, stack(0x0000000027910000,0x0000000027a10000)]
  0x000000001902b000 JavaThread "jar transforms Thread 85" [_thread_blocked, id=12472, stack(0x0000000027810000,0x0000000027910000)]
  0x000000001902c000 JavaThread "jar transforms Thread 84" [_thread_blocked, id=15412, stack(0x0000000027710000,0x0000000027810000)]
  0x0000000019032000 JavaThread "jar transforms Thread 83" [_thread_blocked, id=13708, stack(0x0000000027610000,0x0000000027710000)]
  0x000000001902f000 JavaThread "jar transforms Thread 82" [_thread_blocked, id=3664, stack(0x0000000027510000,0x0000000027610000)]
  0x000000001902e000 JavaThread "jar transforms Thread 81" [_thread_blocked, id=19312, stack(0x0000000027410000,0x0000000027510000)]
  0x000000001902d800 JavaThread "jar transforms Thread 80" [_thread_blocked, id=23480, stack(0x0000000027310000,0x0000000027410000)]
  0x0000000019030800 JavaThread "jar transforms Thread 79" [_thread_blocked, id=17468, stack(0x0000000027210000,0x0000000027310000)]
  0x000000001902f800 JavaThread "jar transforms Thread 78" [_thread_blocked, id=23892, stack(0x0000000027110000,0x0000000027210000)]
  0x0000000019031000 JavaThread "jar transforms Thread 77" [_thread_blocked, id=14020, stack(0x0000000027010000,0x0000000027110000)]
  0x000000001902c800 JavaThread "jar transforms Thread 76" [_thread_blocked, id=912, stack(0x0000000026f10000,0x0000000027010000)]
  0x000000001a95f000 JavaThread "jar transforms Thread 75" [_thread_blocked, id=14704, stack(0x0000000026e10000,0x0000000026f10000)]
  0x000000001a962800 JavaThread "jar transforms Thread 74" [_thread_blocked, id=20500, stack(0x0000000026d10000,0x0000000026e10000)]
  0x000000001a95e000 JavaThread "jar transforms Thread 73" [_thread_blocked, id=23056, stack(0x0000000026c10000,0x0000000026d10000)]
  0x000000001a962000 JavaThread "jar transforms Thread 72" [_thread_blocked, id=8092, stack(0x0000000026b10000,0x0000000026c10000)]
  0x000000001a95f800 JavaThread "jar transforms Thread 71" [_thread_blocked, id=14700, stack(0x0000000026a10000,0x0000000026b10000)]
  0x000000001a95d800 JavaThread "jar transforms Thread 70" [_thread_blocked, id=17092, stack(0x0000000026910000,0x0000000026a10000)]
  0x000000001a961000 JavaThread "jar transforms Thread 69" [_thread_blocked, id=7840, stack(0x0000000026810000,0x0000000026910000)]
  0x000000001a960800 JavaThread "jar transforms Thread 68" [_thread_blocked, id=14388, stack(0x0000000026710000,0x0000000026810000)]
  0x000000001a956000 JavaThread "jar transforms Thread 67" [_thread_blocked, id=8220, stack(0x0000000026610000,0x0000000026710000)]
  0x000000001a95c800 JavaThread "jar transforms Thread 66" [_thread_blocked, id=18052, stack(0x0000000026510000,0x0000000026610000)]
  0x000000001a955000 JavaThread "jar transforms Thread 65" [_thread_blocked, id=12936, stack(0x0000000026410000,0x0000000026510000)]
  0x000000001a95c000 JavaThread "jar transforms Thread 64" [_thread_blocked, id=5424, stack(0x0000000026310000,0x0000000026410000)]
  0x000000001a954800 JavaThread "jar transforms Thread 63" [_thread_blocked, id=12268, stack(0x0000000026210000,0x0000000026310000)]
  0x000000001a95b000 JavaThread "jar transforms Thread 62" [_thread_blocked, id=19200, stack(0x0000000026110000,0x0000000026210000)]
  0x000000001a953800 JavaThread "jar transforms Thread 61" [_thread_blocked, id=7820, stack(0x0000000026010000,0x0000000026110000)]
  0x000000001a95a800 JavaThread "jar transforms Thread 60" [_thread_blocked, id=18864, stack(0x0000000025f10000,0x0000000026010000)]
  0x000000001a959800 JavaThread "jar transforms Thread 59" [_thread_blocked, id=5044, stack(0x0000000025e10000,0x0000000025f10000)]
  0x000000001a959000 JavaThread "jar transforms Thread 58" [_thread_blocked, id=17656, stack(0x0000000025d10000,0x0000000025e10000)]
  0x000000001a957800 JavaThread "jar transforms Thread 57" [_thread_blocked, id=5712, stack(0x0000000025c10000,0x0000000025d10000)]
  0x000000001a958000 JavaThread "jar transforms Thread 56" [_thread_blocked, id=10536, stack(0x0000000025b10000,0x0000000025c10000)]
  0x000000001a956800 JavaThread "jar transforms Thread 55" [_thread_blocked, id=6900, stack(0x0000000025a10000,0x0000000025b10000)]
  0x000000001efa7800 JavaThread "jar transforms Thread 54" [_thread_blocked, id=14352, stack(0x0000000025910000,0x0000000025a10000)]
  0x000000001efaa800 JavaThread "jar transforms Thread 53" [_thread_blocked, id=19012, stack(0x0000000025810000,0x0000000025910000)]
  0x000000001efaa000 JavaThread "jar transforms Thread 52" [_thread_blocked, id=24464, stack(0x0000000025710000,0x0000000025810000)]
  0x000000001efa8800 JavaThread "jar transforms Thread 51" [_thread_blocked, id=4448, stack(0x0000000025610000,0x0000000025710000)]
  0x000000001efa7000 JavaThread "jar transforms Thread 50" [_thread_blocked, id=21232, stack(0x0000000025510000,0x0000000025610000)]
  0x000000001efa9000 JavaThread "jar transforms Thread 49" [_thread_blocked, id=25028, stack(0x0000000025410000,0x0000000025510000)]
  0x000000001efa0000 JavaThread "jar transforms Thread 48" [_thread_blocked, id=15432, stack(0x0000000025310000,0x0000000025410000)]
  0x000000001ef9f000 JavaThread "jar transforms Thread 47" [_thread_blocked, id=24964, stack(0x0000000025210000,0x0000000025310000)]
  0x000000001efa6000 JavaThread "jar transforms Thread 46" [_thread_blocked, id=3520, stack(0x0000000025110000,0x0000000025210000)]
  0x000000001efa4800 JavaThread "jar transforms Thread 45" [_thread_blocked, id=3344, stack(0x0000000025010000,0x0000000025110000)]
  0x000000001efa5800 JavaThread "jar transforms Thread 44" [_thread_blocked, id=18572, stack(0x0000000024f10000,0x0000000025010000)]
  0x000000001ef9d800 JavaThread "jar transforms Thread 43" [_thread_blocked, id=6464, stack(0x0000000024e10000,0x0000000024f10000)]
  0x000000001ef9d000 JavaThread "jar transforms Thread 42" [_thread_blocked, id=22652, stack(0x0000000024d10000,0x0000000024e10000)]
  0x000000001efa3800 JavaThread "jar transforms Thread 41" [_thread_blocked, id=16208, stack(0x0000000024c10000,0x0000000024d10000)]
  0x000000001ef9e800 JavaThread "jar transforms Thread 40" [_thread_blocked, id=21596, stack(0x0000000024b10000,0x0000000024c10000)]
  0x000000001ef9c000 JavaThread "jar transforms Thread 39" [_thread_blocked, id=11928, stack(0x0000000024a10000,0x0000000024b10000)]
  0x000000001efa3000 JavaThread "jar transforms Thread 38" [_thread_blocked, id=15344, stack(0x0000000024910000,0x0000000024a10000)]
  0x000000001efa0800 JavaThread "jar transforms Thread 37" [_thread_blocked, id=22996, stack(0x0000000024810000,0x0000000024910000)]
  0x000000001efa2000 JavaThread "jar transforms Thread 36" [_thread_blocked, id=20148, stack(0x0000000024710000,0x0000000024810000)]
  0x000000001efa1800 JavaThread "jar transforms Thread 35" [_thread_blocked, id=15948, stack(0x0000000024610000,0x0000000024710000)]
  0x000000001ef9b800 JavaThread "jar transforms Thread 34" [_thread_blocked, id=25008, stack(0x0000000022790000,0x0000000022890000)]
  0x000000001ba8f800 JavaThread "jar transforms Thread 33" [_thread_blocked, id=19112, stack(0x0000000022160000,0x0000000022260000)]
  0x000000001ba8f000 JavaThread "jar transforms Thread 32" [_thread_blocked, id=15644, stack(0x0000000022060000,0x0000000022160000)]
  0x000000001ba8d800 JavaThread "jar transforms Thread 31" [_thread_blocked, id=19760, stack(0x0000000024510000,0x0000000024610000)]
  0x000000001ba92000 JavaThread "jar transforms Thread 30" [_thread_blocked, id=20156, stack(0x0000000024410000,0x0000000024510000)]
  0x000000001ba8e000 JavaThread "jar transforms Thread 29" [_thread_blocked, id=12020, stack(0x0000000024310000,0x0000000024410000)]
  0x000000001ba91000 JavaThread "jar transforms Thread 28" [_thread_blocked, id=11216, stack(0x0000000024210000,0x0000000024310000)]
  0x000000001ba90800 JavaThread "jar transforms Thread 27" [_thread_blocked, id=19356, stack(0x0000000024110000,0x0000000024210000)]
  0x000000001ba86000 JavaThread "jar transforms Thread 26" [_thread_blocked, id=9564, stack(0x0000000024010000,0x0000000024110000)]
  0x000000001ba8c800 JavaThread "jar transforms Thread 25" [_thread_blocked, id=14748, stack(0x0000000023f10000,0x0000000024010000)]
  0x000000001ba8c000 JavaThread "jar transforms Thread 24" [_thread_blocked, id=5476, stack(0x0000000023e10000,0x0000000023f10000)]
  0x000000001ba84800 JavaThread "jar transforms Thread 23" [_thread_blocked, id=18932, stack(0x0000000023d10000,0x0000000023e10000)]
  0x000000001ba8b000 JavaThread "jar transforms Thread 22" [_thread_blocked, id=5856, stack(0x0000000023c10000,0x0000000023d10000)]
  0x000000001ba83800 JavaThread "jar transforms Thread 21" [_thread_blocked, id=25164, stack(0x0000000023b10000,0x0000000023c10000)]
  0x000000001ba8a800 JavaThread "jar transforms Thread 20" [_thread_blocked, id=9784, stack(0x0000000023a10000,0x0000000023b10000)]
  0x000000001ba83000 JavaThread "jar transforms Thread 19" [_thread_blocked, id=16020, stack(0x0000000023910000,0x0000000023a10000)]
  0x000000001ba87800 JavaThread "jar transforms Thread 18" [_thread_blocked, id=12904, stack(0x0000000023810000,0x0000000023910000)]
  0x000000001ba89800 JavaThread "jar transforms Thread 17" [_thread_blocked, id=17268, stack(0x0000000023710000,0x0000000023810000)]
  0x000000001ba89000 JavaThread "jar transforms Thread 16" [_thread_blocked, id=18660, stack(0x0000000023610000,0x0000000023710000)]
  0x000000001ba86800 JavaThread "jar transforms Thread 15" [_thread_blocked, id=17452, stack(0x0000000023510000,0x0000000023610000)]
  0x000000001ba88000 JavaThread "jar transforms Thread 14" [_thread_blocked, id=16972, stack(0x0000000023410000,0x0000000023510000)]
  0x000000001ba85000 JavaThread "jar transforms Thread 13" [_thread_blocked, id=13632, stack(0x0000000023310000,0x0000000023410000)]
  0x000000001b692800 JavaThread "jar transforms Thread 12" [_thread_blocked, id=21368, stack(0x0000000023210000,0x0000000023310000)]
  0x000000001b691000 JavaThread "jar transforms Thread 11" [_thread_blocked, id=19184, stack(0x0000000023110000,0x0000000023210000)]
  0x000000001b690000 JavaThread "jar transforms Thread 10" [_thread_blocked, id=21288, stack(0x0000000023010000,0x0000000023110000)]
  0x000000001b691800 JavaThread "jar transforms Thread 9" [_thread_blocked, id=22324, stack(0x0000000022f10000,0x0000000023010000)]
  0x000000001b68f800 JavaThread "jar transforms Thread 8" [_thread_blocked, id=2528, stack(0x0000000022e10000,0x0000000022f10000)]
  0x000000001b68e800 JavaThread "jar transforms Thread 7" [_thread_blocked, id=21032, stack(0x0000000022d10000,0x0000000022e10000)]
  0x000000001b68e000 JavaThread "jar transforms Thread 6" [_thread_blocked, id=11384, stack(0x0000000022c10000,0x0000000022d10000)]
  0x000000001b686800 JavaThread "jar transforms Thread 5" [_thread_blocked, id=8312, stack(0x0000000022b10000,0x0000000022c10000)]
  0x000000001b68c800 JavaThread "jar transforms Thread 4" [_thread_blocked, id=4584, stack(0x0000000022a10000,0x0000000022b10000)]
  0x000000001b68b800 JavaThread "jar transforms Thread 3" [_thread_blocked, id=11956, stack(0x0000000022910000,0x0000000022a10000)]
  0x000000001b68b000 JavaThread "jar transforms Thread 2" [_thread_blocked, id=18652, stack(0x0000000022270000,0x0000000022370000)]
  0x000000001b68d000 JavaThread "Build operations Thread 4" [_thread_in_Java, id=13344, stack(0x0000000022690000,0x0000000022790000)]
  0x000000001b68a000 JavaThread "Build operations Thread 3" [_thread_in_Java, id=5148, stack(0x0000000022590000,0x0000000022690000)]
  0x000000001b684000 JavaThread "Build operations Thread 2" [_thread_in_vm, id=14168, stack(0x0000000022490000,0x0000000022590000)]
  0x000000001b689800 JavaThread "Build operations" [_thread_in_Java, id=21352, stack(0x0000000022390000,0x0000000022490000)]
  0x000000001b456800 JavaThread "Cache worker for file content cache (C:\Users\Hieu\.gradle\caches\6.5\fileContent)" [_thread_blocked, id=17004, stack(0x0000000021960000,0x0000000021a60000)]
  0x000000001b455800 JavaThread "jar transforms" [_thread_blocked, id=25404, stack(0x0000000021060000,0x0000000021160000)]
  0x000000001b45a000 JavaThread "Cache worker for execution history cache (C:\Users\Hieu\.gradle\caches\6.5\executionHistory)" [_thread_blocked, id=3576, stack(0x0000000020f60000,0x0000000021060000)]
  0x000000001b458800 JavaThread "Cache worker for cache directory md-rule (C:\Users\Hieu\.gradle\caches\6.5\md-rule)" [_thread_blocked, id=1252, stack(0x0000000020e60000,0x0000000020f60000)]
  0x000000001b458000 JavaThread "Cache worker for cache directory md-supplier (C:\Users\Hieu\.gradle\caches\6.5\md-supplier)" [_thread_blocked, id=12120, stack(0x000000001fc10000,0x000000001fd10000)]
  0x000000001b459800 JavaThread "Cache worker for checksums cache (G:\KiemDinhPhanMem\appfilm\.gradle\checksums)" [_thread_blocked, id=16376, stack(0x000000001fb10000,0x000000001fc10000)]
  0x000000001b45c800 JavaThread "Cache worker for file hash cache (G:\KiemDinhPhanMem\appfilm\.gradle\6.5\fileHashes)" [_thread_blocked, id=15380, stack(0x0000000020d60000,0x0000000020e60000)]
  0x000000001b45b800 JavaThread "Cache worker for file hash cache (C:\Users\Hieu\.gradle\caches\6.5\fileHashes)" [_thread_blocked, id=19140, stack(0x000000001d670000,0x000000001d770000)]
  0x000000001b45b000 JavaThread "File lock request listener" [_thread_in_native, id=13832, stack(0x000000001d570000,0x000000001d670000)]
  0x000000001975f000 JavaThread "Cache worker for journal cache (C:\Users\Hieu\.gradle\caches\journal-1)" [_thread_blocked, id=17156, stack(0x000000001d370000,0x000000001d470000)]
  0x0000000019900000 JavaThread "Thread-9" [_thread_blocked, id=972, stack(0x000000001d070000,0x000000001d170000)]
  0x000000001976f800 JavaThread "Stdin handler" [_thread_blocked, id=19840, stack(0x000000001cf70000,0x000000001d070000)]
  0x00000000197e8800 JavaThread "Asynchronous log dispatcher for DefaultDaemonConnection: socket connection from /127.0.0.1:61743 to /127.0.0.1:61744" [_thread_blocked, id=22356, stack(0x000000001ce70000,0x000000001cf70000)]
  0x0000000019f4e000 JavaThread "Daemon worker" [_thread_blocked, id=18224, stack(0x000000001cd70000,0x000000001ce70000)]
  0x0000000019f4d800 JavaThread "Cancel handler" [_thread_blocked, id=24636, stack(0x000000001cc70000,0x000000001cd70000)]
  0x00000000192db000 JavaThread "Handler for socket connection from /127.0.0.1:61743 to /127.0.0.1:61744" [_thread_in_native, id=17296, stack(0x000000001cb70000,0x000000001cc70000)]
  0x000000001b431800 JavaThread "Daemon" [_thread_blocked, id=13516, stack(0x000000001ca70000,0x000000001cb70000)]
  0x000000001b3d9800 JavaThread "Daemon periodic checks" [_thread_blocked, id=17812, stack(0x000000001c770000,0x000000001c870000)]
  0x000000001b39c800 JavaThread "Incoming local TCP Connector on port 61743" [_thread_in_native, id=22160, stack(0x000000001c530000,0x000000001c630000)]
  0x000000001b2e7000 JavaThread "Daemon health stats" [_thread_blocked, id=7696, stack(0x000000001bef0000,0x000000001bff0000)]
  0x0000000018f4c000 JavaThread "Service Thread" daemon [_thread_blocked, id=22312, stack(0x00000000192e0000,0x00000000193e0000)]
  0x00000000175d7000 JavaThread "C1 CompilerThread2" daemon [_thread_blocked, id=13268, stack(0x0000000018de0000,0x0000000018ee0000)]
  0x000000001758b800 JavaThread "C2 CompilerThread1" daemon [_thread_in_native, id=1140, stack(0x0000000018ce0000,0x0000000018de0000)]
=>0x0000000017586800 JavaThread "C2 CompilerThread0" daemon [_thread_in_native, id=12612, stack(0x0000000018be0000,0x0000000018ce0000)]
  0x0000000017585800 JavaThread "Attach Listener" daemon [_thread_blocked, id=19968, stack(0x0000000018ae0000,0x0000000018be0000)]
  0x00000000175d1800 JavaThread "Signal Dispatcher" daemon [_thread_blocked, id=17060, stack(0x00000000189e0000,0x0000000018ae0000)]
  0x0000000017569000 JavaThread "Finalizer" daemon [_thread_blocked, id=14012, stack(0x00000000187e0000,0x00000000188e0000)]
  0x0000000002952000 JavaThread "Reference Handler" daemon [_thread_blocked, id=19752, stack(0x00000000186e0000,0x00000000187e0000)]
  0x0000000000a1e000 JavaThread "main" [_thread_blocked, id=23740, stack(0x0000000002760000,0x0000000002860000)]

Other Threads:
  0x0000000017546000 VMThread [stack: 0x00000000185e0000,0x00000000186e0000] [id=13600]
  0x0000000018f81000 WatcherThread [stack: 0x00000000193e0000,0x00000000194e0000] [id=21808]

VM state:not at safepoint (normal execution)

VM Mutex/Monitor currently owned by a thread: None

heap address: 0x0000000080000000, size: 2048 MB, Compressed Oops mode: 32-bit
Narrow klass base: 0x0000000000000000, Narrow klass shift: 3
Compressed class space size: 1073741824 Address: 0x0000000100000000

Heap:
 PSYoungGen      total 273920K, used 247106K [0x00000000d5580000, 0x00000000e9900000, 0x0000000100000000)
  eden space 238080K, 98% used [0x00000000d5580000,0x00000000e3b38a68,0x00000000e3e00000)
  from space 35840K, 33% used [0x00000000e3e00000,0x00000000e4998010,0x00000000e6100000)
  to   space 22016K, 0% used [0x00000000e6100000,0x00000000e6100000,0x00000000e7680000)
 ParOldGen       total 168448K, used 95418K [0x0000000080000000, 0x000000008a480000, 0x00000000d5580000)
  object space 168448K, 56% used [0x0000000080000000,0x0000000085d2e828,0x000000008a480000)
 Metaspace       used 76598K, capacity 80826K, committed 80920K, reserved 1118208K
  class space    used 10439K, capacity 11230K, committed 11312K, reserved 1048576K

Card table byte_map: [0x0000000011d20000,0x0000000012130000] byte_map_base: 0x0000000011920000

Marking Bits: (ParMarkBitMap*) 0x000000006be6f030
 Begin Bits: [0x00000000127e0000, 0x00000000147e0000)
 End Bits:   [0x00000000147e0000, 0x00000000167e0000)

Polling page: 0x0000000000f40000

CodeCache: size=245760Kb used=39885Kb max_used=39918Kb free=205874Kb
 bounds [0x0000000002960000, 0x0000000005080000, 0x0000000011960000]
 total_blobs=12300 nmethods=11486 adapters=724
 compilation: enabled

Compilation events (10 events):
Event: 27.199 Thread 0x00000000175d7000 13376       2       java.util.Formatter$FormatSpecifier::print (243 bytes)
Event: 27.199 Thread 0x00000000175d7000 nmethod 13376 0x00000000040908d0 code [0x0000000004090ac0, 0x0000000004090ec8]
Event: 27.199 Thread 0x00000000175d7000 13377       2       java.util.Formatter$FormatSpecifier::justify (105 bytes)
Event: 27.200 Thread 0x00000000175d7000 nmethod 13377 0x000000000408f650 code [0x000000000408f840, 0x00000000040900d8]
Event: 27.203 Thread 0x00000000175d7000 13378       2       com.android.tools.r8.dex.P$c$$Lambda$1037/1147717651::compare (16 bytes)
Event: 27.204 Thread 0x00000000175d7000 nmethod 13378 0x000000000408f210 code [0x000000000408f380, 0x000000000408f548]
Event: 27.204 Thread 0x00000000175d7000 13379       2       com.android.tools.r8.dex.P$c::a (94 bytes)
Event: 27.204 Thread 0x00000000175d7000 nmethod 13379 0x00000000043b15d0 code [0x00000000043b17a0, 0x00000000043b1b68]
Event: 27.227 Thread 0x00000000175d7000 13380       2       com.android.tools.r8.s.b.q1::f0 (25 bytes)
Event: 27.227 Thread 0x00000000175d7000 nmethod 13380 0x000000000408ed90 code [0x000000000408ef00, 0x000000000408f0a8]

GC Heap History (10 events):
Event: 23.021 GC heap before
{Heap before GC invocations=20 (full 3):
 PSYoungGen      total 260096K, used 260086K [0x00000000d5580000, 0x00000000e9900000, 0x0000000100000000)
  eden space 238080K, 100% used [0x00000000d5580000,0x00000000e3e00000,0x00000000e3e00000)
  from space 22016K, 99% used [0x00000000e6100000,0x00000000e767d818,0x00000000e7680000)
  to   space 35840K, 0% used [0x00000000e3e00000,0x00000000e3e00000,0x00000000e6100000)
 ParOldGen       total 168448K, used 73461K [0x0000000080000000, 0x000000008a480000, 0x00000000d5580000)
  object space 168448K, 43% used [0x0000000080000000,0x00000000847bd778,0x000000008a480000)
 Metaspace       used 76053K, capacity 80150K, committed 80280K, reserved 1118208K
  class space    used 10370K, capacity 11172K, committed 11184K, reserved 1048576K
Event: 23.095 GC heap after
Heap after GC invocations=20 (full 3):
 PSYoungGen      total 273920K, used 16612K [0x00000000d5580000, 0x00000000e9900000, 0x0000000100000000)
  eden space 238080K, 0% used [0x00000000d5580000,0x00000000d5580000,0x00000000e3e00000)
  from space 35840K, 46% used [0x00000000e3e00000,0x00000000e4e39170,0x00000000e6100000)
  to   space 22016K, 0% used [0x00000000e6100000,0x00000000e6100000,0x00000000e7680000)
 ParOldGen       total 168448K, used 82145K [0x0000000080000000, 0x000000008a480000, 0x00000000d5580000)
  object space 168448K, 48% used [0x0000000080000000,0x00000000850384b0,0x000000008a480000)
 Metaspace       used 76053K, capacity 80150K, committed 80280K, reserved 1118208K
  class space    used 10370K, capacity 11172K, committed 11184K, reserved 1048576K
}
Event: 24.000 GC heap before
{Heap before GC invocations=21 (full 3):
 PSYoungGen      total 273920K, used 254692K [0x00000000d5580000, 0x00000000e9900000, 0x0000000100000000)
  eden space 238080K, 100% used [0x00000000d5580000,0x00000000e3e00000,0x00000000e3e00000)
  from space 35840K, 46% used [0x00000000e3e00000,0x00000000e4e39170,0x00000000e6100000)
  to   space 22016K, 0% used [0x00000000e6100000,0x00000000e6100000,0x00000000e7680000)
 ParOldGen       total 168448K, used 82145K [0x0000000080000000, 0x000000008a480000, 0x00000000d5580000)
  object space 168448K, 48% used [0x0000000080000000,0x00000000850384b0,0x000000008a480000)
 Metaspace       used 76093K, capacity 80290K, committed 80536K, reserved 1118208K
  class space    used 10370K, capacity 11172K, committed 11184K, reserved 1048576K
Event: 24.050 GC heap after
Heap after GC invocations=21 (full 3):
 PSYoungGen      total 260096K, used 18231K [0x00000000d5580000, 0x00000000e9900000, 0x0000000100000000)
  eden space 238080K, 0% used [0x00000000d5580000,0x00000000d5580000,0x00000000e3e00000)
  from space 22016K, 82% used [0x00000000e6100000,0x00000000e72cdc90,0x00000000e7680000)
  to   space 35840K, 0% used [0x00000000e3e00000,0x00000000e3e00000,0x00000000e6100000)
 ParOldGen       total 168448K, used 82585K [0x0000000080000000, 0x000000008a480000, 0x00000000d5580000)
  object space 168448K, 49% used [0x0000000080000000,0x00000000850a6640,0x000000008a480000)
 Metaspace       used 76093K, capacity 80290K, committed 80536K, reserved 1118208K
  class space    used 10370K, capacity 11172K, committed 11184K, reserved 1048576K
}
Event: 24.884 GC heap before
{Heap before GC invocations=22 (full 3):
 PSYoungGen      total 260096K, used 256311K [0x00000000d5580000, 0x00000000e9900000, 0x0000000100000000)
  eden space 238080K, 100% used [0x00000000d5580000,0x00000000e3e00000,0x00000000e3e00000)
  from space 22016K, 82% used [0x00000000e6100000,0x00000000e72cdc90,0x00000000e7680000)
  to   space 35840K, 0% used [0x00000000e3e00000,0x00000000e3e00000,0x00000000e6100000)
 ParOldGen       total 168448K, used 82585K [0x0000000080000000, 0x000000008a480000, 0x00000000d5580000)
  object space 168448K, 49% used [0x0000000080000000,0x00000000850a6640,0x000000008a480000)
 Metaspace       used 76132K, capacity 80296K, committed 80536K, reserved 1118208K
  class space    used 10371K, capacity 11173K, committed 11184K, reserved 1048576K
Event: 24.918 GC heap after
Heap after GC invocations=22 (full 3):
 PSYoungGen      total 273920K, used 13824K [0x00000000d5580000, 0x00000000e9900000, 0x0000000100000000)
  eden space 238080K, 0% used [0x00000000d5580000,0x00000000d5580000,0x00000000e3e00000)
  from space 35840K, 38% used [0x00000000e3e00000,0x00000000e4b80020,0x00000000e6100000)
  to   space 22016K, 0% used [0x00000000e6100000,0x00000000e6100000,0x00000000e7680000)
 ParOldGen       total 168448K, used 89557K [0x0000000080000000, 0x000000008a480000, 0x00000000d5580000)
  object space 168448K, 53% used [0x0000000080000000,0x00000000857757c0,0x000000008a480000)
 Metaspace       used 76132K, capacity 80296K, committed 80536K, reserved 1118208K
  class space    used 10371K, capacity 11173K, committed 11184K, reserved 1048576K
}
Event: 25.730 GC heap before
{Heap before GC invocations=23 (full 3):
 PSYoungGen      total 273920K, used 251904K [0x00000000d5580000, 0x00000000e9900000, 0x0000000100000000)
  eden space 238080K, 100% used [0x00000000d5580000,0x00000000e3e00000,0x00000000e3e00000)
  from space 35840K, 38% used [0x00000000e3e00000,0x00000000e4b80020,0x00000000e6100000)
  to   space 22016K, 0% used [0x00000000e6100000,0x00000000e6100000,0x00000000e7680000)
 ParOldGen       total 168448K, used 89557K [0x0000000080000000, 0x000000008a480000, 0x00000000d5580000)
  object space 168448K, 53% used [0x0000000080000000,0x00000000857757c0,0x000000008a480000)
 Metaspace       used 76141K, capacity 80360K, committed 80536K, reserved 1118208K
  class space    used 10371K, capacity 11173K, committed 11184K, reserved 1048576K
Event: 25.773 GC heap after
Heap after GC invocations=23 (full 3):
 PSYoungGen      total 260096K, used 11552K [0x00000000d5580000, 0x00000000e9900000, 0x0000000100000000)
  eden space 238080K, 0% used [0x00000000d5580000,0x00000000d5580000,0x00000000e3e00000)
  from space 22016K, 52% used [0x00000000e6100000,0x00000000e6c48010,0x00000000e7680000)
  to   space 35840K, 0% used [0x00000000e3e00000,0x00000000e3e00000,0x00000000e6100000)
 ParOldGen       total 168448K, used 93917K [0x0000000080000000, 0x000000008a480000, 0x00000000d5580000)
  object space 168448K, 55% used [0x0000000080000000,0x0000000085bb77d0,0x000000008a480000)
 Metaspace       used 76141K, capacity 80360K, committed 80536K, reserved 1118208K
  class space    used 10371K, capacity 11173K, committed 11184K, reserved 1048576K
}
Event: 26.539 GC heap before
{Heap before GC invocations=24 (full 3):
 PSYoungGen      total 260096K, used 249632K [0x00000000d5580000, 0x00000000e9900000, 0x0000000100000000)
  eden space 238080K, 100% used [0x00000000d5580000,0x00000000e3e00000,0x00000000e3e00000)
  from space 22016K, 52% used [0x00000000e6100000,0x00000000e6c48010,0x00000000e7680000)
  to   space 35840K, 0% used [0x00000000e3e00000,0x00000000e3e00000,0x00000000e6100000)
 ParOldGen       total 168448K, used 93917K [0x0000000080000000, 0x000000008a480000, 0x00000000d5580000)
  object space 168448K, 55% used [0x0000000080000000,0x0000000085bb77d0,0x000000008a480000)
 Metaspace       used 76161K, capacity 80364K, committed 80536K, reserved 1118208K
  class space    used 10373K, capacity 11173K, committed 11184K, reserved 1048576K
Event: 26.561 GC heap after
Heap after GC invocations=24 (full 3):
 PSYoungGen      total 273920K, used 11872K [0x00000000d5580000, 0x00000000e9900000, 0x0000000100000000)
  eden space 238080K, 0% used [0x00000000d5580000,0x00000000d5580000,0x00000000e3e00000)
  from space 35840K, 33% used [0x00000000e3e00000,0x00000000e4998010,0x00000000e6100000)
  to   space 22016K, 0% used [0x00000000e6100000,0x00000000e6100000,0x00000000e7680000)
 ParOldGen       total 168448K, used 95418K [0x0000000080000000, 0x000000008a480000, 0x00000000d5580000)
  object space 168448K, 56% used [0x0000000080000000,0x0000000085d2e828,0x000000008a480000)
 Metaspace       used 76161K, capacity 80364K, committed 80536K, reserved 1118208K
  class space    used 10373K, capacity 11173K, committed 11184K, reserved 1048576K
}

Deoptimization events (10 events):
Event: 21.094 Thread 0x000000001b689800 Uncommon trap: reason=unstable_if action=reinterpret pc=0x0000000002d49510 method=java.util.HashMap.getNode(ILjava/lang/Object;)Ljava/util/HashMap$Node; @ 84
Event: 21.392 Thread 0x000000001b689800 Uncommon trap: reason=class_check action=maybe_recompile pc=0x0000000004caabf4 method=com.android.tools.r8.s.b.o.c(Lcom/android/tools/r8/s/b/o;)Z @ 29
Event: 21.392 Thread 0x000000001b689800 Uncommon trap: reason=class_check action=maybe_recompile pc=0x0000000004caabf4 method=com.android.tools.r8.s.b.o.c(Lcom/android/tools/r8/s/b/o;)Z @ 29
Event: 21.392 Thread 0x000000001b689800 Uncommon trap: reason=class_check action=maybe_recompile pc=0x0000000004caabf4 method=com.android.tools.r8.s.b.o.c(Lcom/android/tools/r8/s/b/o;)Z @ 29
Event: 21.392 Thread 0x000000001b689800 Uncommon trap: reason=class_check action=maybe_recompile pc=0x0000000004caabf4 method=com.android.tools.r8.s.b.o.c(Lcom/android/tools/r8/s/b/o;)Z @ 29
Event: 22.552 Thread 0x000000001b689800 Uncommon trap: reason=unstable_if action=reinterpret pc=0x0000000004322070 method=java.util.concurrent.ConcurrentHashMap.computeIfAbsent(Ljava/lang/Object;Ljava/util/function/Function;)Ljava/lang/Object; @ 456
Event: 23.116 Thread 0x000000001b684000 Uncommon trap: reason=unstable_if action=reinterpret pc=0x00000000048cd2bc method=com.android.tools.r8.ir.regalloc.a.a(Lcom/android/tools/r8/s/b/k0;Lcom/android/tools/r8/ir/regalloc/a$b;)Z @ 75
Event: 24.577 Thread 0x000000001b689800 Uncommon trap: reason=unstable_if action=reinterpret pc=0x0000000004e522b0 method=com.android.tools.r8.ir.regalloc.a.a(Lcom/android/tools/r8/ir/regalloc/a$a;Z)Lcom/android/tools/r8/ir/regalloc/a$a; @ 2672
Event: 25.074 Thread 0x000000001b68d000 Uncommon trap: reason=class_check action=maybe_recompile pc=0x000000000446fd28 method=com.android.tools.r8.t.a.a.a.f.e.putAll(Ljava/util/Map;)V @ 3
Event: 27.226 Thread 0x000000001b68a000 Uncommon trap: reason=unstable_if action=reinterpret pc=0x00000000046a3468 method=com.android.tools.r8.q.a.a.b.u0.b(I[Ljava/lang/Object;)Lcom/android/tools/r8/q/a/a/b/u0; @ 179

Classes redefined (0 events):
No events

Internal exceptions (10 events):
Event: 17.540 Thread 0x000000001b68d000 Implicit null exception at 0x0000000003d80023 to 0x0000000003d804cd
Event: 17.631 Thread 0x000000001b684000 Exception <a 'java/lang/NoSuchMethodError': java.lang.Object.lambda$static$0(Ljava/lang/String;)Z> (0x00000000d919b5c0) thrown at [C:\src\AOSP-openjdk-git\hotspot\src\share\vm\interpreter\linkResolver.cpp, line 620]
Event: 17.733 Thread 0x000000001b684000 Exception <a 'sun/nio/fs/WindowsException'> (0x00000000da4510f8) thrown at [C:\src\AOSP-openjdk-git\hotspot\src\share\vm\prims\jni.cpp, line 710]
Event: 17.764 Thread 0x000000001b68a000 Exception <a 'sun/nio/fs/WindowsException'> (0x00000000dbc8cff0) thrown at [C:\src\AOSP-openjdk-git\hotspot\src\share\vm\prims\jni.cpp, line 710]
Event: 17.800 Thread 0x000000001b68d000 Exception <a 'sun/nio/fs/WindowsException'> (0x00000000dc868dd0) thrown at [C:\src\AOSP-openjdk-git\hotspot\src\share\vm\prims\jni.cpp, line 710]
Event: 17.851 Thread 0x000000001b689800 Exception <a 'sun/nio/fs/WindowsException'> (0x00000000dd28f578) thrown at [C:\src\AOSP-openjdk-git\hotspot\src\share\vm\prims\jni.cpp, line 710]
Event: 18.194 Thread 0x000000001b684000 Exception <a 'java/lang/IncompatibleClassChangeError': Found class java.lang.Object, but interface was expected> (0x00000000dfc1bf10) thrown at [C:\src\AOSP-openjdk-git\hotspot\src\share\vm\interpreter\linkResolver.cpp, line 653]
Event: 18.767 Thread 0x000000001b68a000 Exception <a 'java/lang/NoSuchMethodError': java.lang.Object.b(Lcom/android/tools/r8/graph/p1$b;)Lcom/android/tools/r8/graph/p1$b;> (0x00000000d90ff888) thrown at [C:\src\AOSP-openjdk-git\hotspot\src\share\vm\interpreter\linkResolver.cpp, line 620]
Event: 18.803 Thread 0x000000001b68d000 Exception <a 'java/lang/NoSuchMethodError': java.lang.Object.lambda$comparingInt$7b0bb60$1(Ljava/util/function/ToIntFunction;Ljava/lang/Object;Ljava/lang/Object;)I> (0x00000000d91c2b30) thrown at [C:\src\AOSP-openjdk-git\hotspot\src\share\vm\interpreter\l
Event: 18.804 Thread 0x000000001b68d000 Exception <a 'java/lang/NoSuchMethodError': java.lang.Object.lambda$maxBy$1(Ljava/util/Comparator;Ljava/lang/Object;Ljava/lang/Object;)Ljava/lang/Object;> (0x00000000d91c7478) thrown at [C:\src\AOSP-openjdk-git\hotspot\src\share\vm\interpreter\linkResolve

Events (10 events):
Event: 27.202 loading class com/android/tools/r8/dex/P$f done
Event: 27.203 loading class com/android/tools/r8/graph/f0
Event: 27.203 loading class com/android/tools/r8/graph/f0 done
Event: 27.204 loading class com/android/tools/r8/dex/P$i
Event: 27.204 loading class com/android/tools/r8/dex/P$i done
Event: 27.205 loading class com/android/tools/r8/dex/P$j
Event: 27.205 loading class com/android/tools/r8/dex/P$j done
Event: 27.226 Thread 0x000000001b68a000 Uncommon trap: trap_request=0xffffff65 fr.pc=0x00000000046a3468
Event: 27.226 Thread 0x000000001b68a000 DEOPT PACKING pc=0x00000000046a3468 sp=0x00000000226896b0
Event: 27.226 Thread 0x000000001b68a000 DEOPT UNPACKING pc=0x00000000029a557b sp=0x00000000226895b8 mode 2


Dynamic libraries:
0x00007ff712160000 - 0x00007ff712191000 	C:\Program Files\Android\Android Studio\jre\bin\java.exe
0x00007ff9d5970000 - 0x00007ff9d5b65000 	C:\Windows\SYSTEM32\ntdll.dll
0x00007ff9d55d0000 - 0x00007ff9d568d000 	C:\Windows\System32\KERNEL32.DLL
0x00007ff9d3250000 - 0x00007ff9d3519000 	C:\Windows\System32\KERNELBASE.dll
0x00007ff9d4fa0000 - 0x00007ff9d504c000 	C:\Windows\System32\ADVAPI32.dll
0x00007ff9d3f00000 - 0x00007ff9d3f9e000 	C:\Windows\System32\msvcrt.dll
0x00007ff9d56b0000 - 0x00007ff9d574b000 	C:\Windows\System32\sechost.dll
0x00007ff9d52c0000 - 0x00007ff9d53ea000 	C:\Windows\System32\RPCRT4.dll
0x00007ff9d4940000 - 0x00007ff9d4ae0000 	C:\Windows\System32\USER32.dll
0x00007ff9d3900000 - 0x00007ff9d3922000 	C:\Windows\System32\win32u.dll
0x00007ff9d54c0000 - 0x00007ff9d54ea000 	C:\Windows\System32\GDI32.dll
0x00007ff9d30b0000 - 0x00007ff9d31bb000 	C:\Windows\System32\gdi32full.dll
0x00007ff9d3600000 - 0x00007ff9d369d000 	C:\Windows\System32\msvcp_win.dll
0x00007ff9d36a0000 - 0x00007ff9d37a0000 	C:\Windows\System32\ucrtbase.dll
0x00007ff9c5ad0000 - 0x00007ff9c5d6a000 	C:\Windows\WinSxS\amd64_microsoft.windows.common-controls_6595b64144ccf1df_6.0.19041.1083_none_60bbe31371f34e71\COMCTL32.dll
0x00007ff9d4130000 - 0x00007ff9d4160000 	C:\Windows\System32\IMM32.DLL
0x000000006ae40000 - 0x000000006af12000 	C:\Program Files\Android\Android Studio\jre\jre\bin\msvcr100.dll
0x000000006b6a0000 - 0x000000006beeb000 	C:\Program Files\Android\Android Studio\jre\jre\bin\server\jvm.dll
0x00007ff9d5920000 - 0x00007ff9d5928000 	C:\Windows\System32\PSAPI.DLL
0x00007ff9c1610000 - 0x00007ff9c1619000 	C:\Windows\SYSTEM32\WSOCK32.dll
0x00007ff9d4e40000 - 0x00007ff9d4eab000 	C:\Windows\System32\WS2_32.dll
0x00007ff9cced0000 - 0x00007ff9cceda000 	C:\Windows\SYSTEM32\VERSION.dll
0x00007ff9c5880000 - 0x00007ff9c58a7000 	C:\Windows\SYSTEM32\WINMM.dll
0x00007ff9d0550000 - 0x00007ff9d055f000 	C:\Program Files\Android\Android Studio\jre\jre\bin\verify.dll
0x00007ff9ccaf0000 - 0x00007ff9ccb19000 	C:\Program Files\Android\Android Studio\jre\jre\bin\java.dll
0x00007ff9ccfa0000 - 0x00007ff9ccfb6000 	C:\Program Files\Android\Android Studio\jre\jre\bin\zip.dll
0x00007ff9d4160000 - 0x00007ff9d489f000 	C:\Windows\System32\SHELL32.dll
0x00007ff9d10a0000 - 0x00007ff9d1831000 	C:\Windows\SYSTEM32\windows.storage.dll
0x00007ff9d4ae0000 - 0x00007ff9d4e35000 	C:\Windows\System32\combase.dll
0x00007ff9d2b20000 - 0x00007ff9d2b4c000 	C:\Windows\SYSTEM32\Wldp.dll
0x00007ff9d5870000 - 0x00007ff9d591e000 	C:\Windows\System32\SHCORE.dll
0x00007ff9d5260000 - 0x00007ff9d52b5000 	C:\Windows\System32\shlwapi.dll
0x00007ff9d2ff0000 - 0x00007ff9d300f000 	C:\Windows\SYSTEM32\profapi.dll
0x00007ff9ccf10000 - 0x00007ff9ccf2a000 	C:\Program Files\Android\Android Studio\jre\jre\bin\net.dll
0x00007ff9d2880000 - 0x00007ff9d28ea000 	C:\Windows\system32\mswsock.dll
0x00007ff9ccb30000 - 0x00007ff9ccb43000 	C:\Program Files\Android\Android Studio\jre\jre\bin\nio.dll
0x00007ff9cc0d0000 - 0x00007ff9cc0f7000 	C:\Users\Hieu\.gradle\native\f6784746aeab05261644944871eae4fe03e0ef1612fff0a4a95f87b438bc6780\windows-amd64\native-platform.dll
0x00007ff9ccf70000 - 0x00007ff9ccf7d000 	C:\Program Files\Android\Android Studio\jre\jre\bin\management.dll
0x00007ff9d2a70000 - 0x00007ff9d2a88000 	C:\Windows\SYSTEM32\CRYPTSP.dll
0x00007ff9d21b0000 - 0x00007ff9d21e4000 	C:\Windows\system32\rsaenh.dll
0x00007ff9d35d0000 - 0x00007ff9d35f7000 	C:\Windows\System32\bcrypt.dll
0x00007ff9d2fb0000 - 0x00007ff9d2fde000 	C:\Windows\SYSTEM32\USERENV.dll
0x00007ff9d31c0000 - 0x00007ff9d3243000 	C:\Windows\System32\bcryptprimitives.dll
0x00007ff9d2a60000 - 0x00007ff9d2a6c000 	C:\Windows\SYSTEM32\CRYPTBASE.dll
0x00007ff9d2520000 - 0x00007ff9d255b000 	C:\Windows\SYSTEM32\IPHLPAPI.DLL
0x00007ff9d56a0000 - 0x00007ff9d56a8000 	C:\Windows\System32\NSI.dll
0x00007ff9ca7d0000 - 0x00007ff9ca7e7000 	C:\Windows\SYSTEM32\dhcpcsvc6.DLL
0x00007ff9cb240000 - 0x00007ff9cb25d000 	C:\Windows\SYSTEM32\dhcpcsvc.DLL
0x00007ff9d2570000 - 0x00007ff9d263c000 	C:\Windows\SYSTEM32\DNSAPI.dll
0x00007ff9cb650000 - 0x00007ff9cb65b000 	C:\Windows\SYSTEM32\WINNSI.DLL

VM Arguments:
jvm_args: -Xmx2048m -Dfile.encoding=UTF-8 -Duser.country=US -Duser.language=en -Duser.variant 
java_command: org.gradle.launcher.daemon.bootstrap.GradleDaemon 6.5
java_class_path (initial): C:\Users\Hieu\.gradle\wrapper\dists\gradle-6.5-bin\6nifqtx7604sqp1q6g8wikw7p\gradle-6.5\lib\gradle-launcher-6.5.jar
Launcher Type: SUN_STANDARD

Environment Variables:
PATH=C:\Windows\system32;C:\Windows;C:\Windows\System32\Wbem;C:\Windows\System32\WindowsPowerShell\v1.0\;C:\Windows\System32\OpenSSH\;C:\Program Files\Microsoft SQL Server\130\Tools\Binn\;C:\Program Files\Microsoft SQL Server\110\Tools\Binn\;C:\Program Files (x86)\Microsoft SQL Server\110\Tools\Binn\;C:\Program Files\Microsoft SQL Server\110\DTS\Binn\;C:\Program Files (x86)\Microsoft SQL Server\110\Tools\Binn\ManagementStudio\;C:\Program Files (x86)\Microsoft Visual Studio 10.0\Common7\IDE\PrivateAssemblies\;C:\Program Files (x86)\Microsoft SQL Server\110\DTS\Binn\;C:\Program Files\Microsoft\Web Platform Installer\;C:\Program Files (x86)\Microsoft ASP.NET\ASP.NET Web Pages\v1.0\;C:\Program Files (x86)\Rational\common;C:\Program Files\dotnet\;C:\Program Files\Microsoft SQL Server\Client SDK\ODBC\170\Tools\Binn\;C:\Program Files\Git\cmd;C:\Users\Hieu\AppData\Local\Microsoft\WindowsApps;C:\Users\Hieu\AppData\Local\GitHubDesktop\bin;C:\Users\Hieu\AppData\Local\Programs\Microsoft VS Code\bin;C:\Users\Hieu\.dotnet\tools
USERNAME=Hieu
OS=Windows_NT
PROCESSOR_IDENTIFIER=Intel64 Family 6 Model 142 Stepping 9, GenuineIntel



---------------  S Y S T E M  ---------------

OS: Windows 10.0 , 64 bit Build 19041 (10.0.19041.1023)

CPU:total 4 (initial active 4) (2 cores per cpu, 2 threads per core) family 6 model 142 stepping 9, cmov, cx8, fxsr, mmx, sse, sse2, sse3, ssse3, sse4.1, sse4.2, popcnt, avx, avx2, aes, clmul, erms, 3dnowpref, lzcnt, ht, tsc, tscinvbit, bmi1, bmi2, adx

Memory: 4k page, physical 12445644k(1959436k free), swap 19099336k(10660k free)

vm_info: OpenJDK 64-Bit Server VM (25.242-b01) for windows-amd64 JRE (1.8.0_242-release-1644-b01), built by "builder" with MS VC++ 10.0 (VS2010)

time: Sun Jul 11 22:10:54 2021
timezone: SE Asia Standard Time
elapsed time: 27 seconds (0d 0h 0m 27s)

