#
# There is insufficient memory for the Java Runtime Environment to continue.
# Native memory allocation (malloc) failed to allocate 1693936 bytes for Chunk::new
# Possible reasons:
#   The system is out of physical RAM or swap space
#   The process is running with CompressedOops enabled, and the Java Heap may be blocking the growth of the native heap
# Possible solutions:
#   Reduce memory load on the system
#   Increase physical memory or swap space
#   Check if swap backing store is full
#   Decrease Java heap size (-Xmx/-Xms)
#   Decrease number of Java threads
#   Decrease Java thread stack sizes (-Xss)
#   Set larger code cache with -XX:ReservedCodeCacheSize=
#   JVM is running with Unscaled Compressed Oops mode in which the Java heap is
#     placed in the first 4GB address space. The Java Heap base address is the
#     maximum limit for the native heap growth. Please use -XX:HeapBaseMinAddress
#     to set the Java Heap base and to place the Java Heap above 4GB virtual address.
# This output file may be truncated or incomplete.
#
#  Out of Memory Error (allocation.cpp:389), pid=19916, tid=0x0000000000005b24
#
# JRE version: OpenJDK Runtime Environment (8.0_242-b01) (build 1.8.0_242-release-1644-b01)
# Java VM: OpenJDK 64-Bit Server VM (25.242-b01 mixed mode windows-amd64 compressed oops)
# Failed to write core dump. Minidumps are not enabled by default on client versions of Windows
#

---------------  T H R E A D  ---------------

Current thread (0x00000000178f0800):  JavaThread "C2 CompilerThread1" daemon [_thread_in_native, id=23332, stack(0x0000000019030000,0x0000000019130000)]

Stack: [0x0000000019030000,0x0000000019130000]
[error occurred during error reporting (printing stack bounds), id 0xc0000005]

Native frames: (J=compiled Java code, j=interpreted, Vv=VM code, C=native code)


Current CompileTask:
C2:  25501 12461       4       com.android.tools.r8.z.a.a.f::a (6058 bytes)


---------------  P R O C E S S  ---------------

Java Threads: ( => current thread )
  0x000000001bff8800 JavaThread "WorkerExecutor Queue Thread 5" [_thread_blocked, id=11304, stack(0x000000002a7a0000,0x000000002a8a0000)]
  0x000000001bc76000 JavaThread "stdout" [_thread_in_native, id=21220, stack(0x000000002b560000,0x000000002b660000)]
  0x000000001bc75800 JavaThread "stderr" [_thread_in_native, id=11948, stack(0x000000002b460000,0x000000002b560000)]
  0x000000001bc74000 JavaThread "stdout" [_thread_in_native, id=22508, stack(0x000000002b1e0000,0x000000002b2e0000)]
  0x000000001bc73000 JavaThread "stderr" [_thread_in_native, id=120, stack(0x000000002b0e0000,0x000000002b1e0000)]
  0x000000001bc72800 JavaThread "stdout" [_thread_in_native, id=3096, stack(0x000000002afe0000,0x000000002b0e0000)]
  0x000000001bc74800 JavaThread "stderr" [_thread_in_native, id=2264, stack(0x000000002aee0000,0x000000002afe0000)]
  0x000000001bc71800 JavaThread "stdout" [_thread_in_native, id=10948, stack(0x000000002ade0000,0x000000002aee0000)]
  0x000000001bc71000 JavaThread "stderr" [_thread_in_native, id=12888, stack(0x000000002ace0000,0x000000002ade0000)]
  0x000000001bc69800 JavaThread "pool-2-thread-1" [_thread_blocked, id=22040, stack(0x000000002abe0000,0x000000002ace0000)]
  0x000000001bc70000 JavaThread "WorkerExecutor Queue Thread 4" [_thread_blocked, id=4244, stack(0x000000002a9a0000,0x000000002aaa0000)]
  0x000000001bc6c800 JavaThread "WorkerExecutor Queue Thread 3" [_thread_blocked, id=21976, stack(0x000000002a8a0000,0x000000002a9a0000)]
  0x000000001bc68800 JavaThread "WorkerExecutor Queue" [_thread_blocked, id=3572, stack(0x0000000029a20000,0x0000000029b20000)]
  0x000000001bc6b000 JavaThread "Cache worker for execution history cache (G:\KiemDinhPhanMem\appfilm\.gradle\6.5\executionHistory)" [_thread_blocked, id=4456, stack(0x000000002a2a0000,0x000000002a3a0000)]
  0x000000001bc68000 JavaThread "Execution worker for ':' Thread 3" [_thread_blocked, id=16388, stack(0x000000002a1a0000,0x000000002a2a0000)]
  0x000000001bc6e800 JavaThread "Execution worker for ':' Thread 2" [_thread_in_Java, id=25380, stack(0x000000002a0a0000,0x000000002a1a0000)]
  0x000000001bc67000 JavaThread "Execution worker for ':'" [_thread_blocked, id=13192, stack(0x0000000029fa0000,0x000000002a0a0000)]
  0x000000001bce1800 JavaThread "Cache worker for file content cache (G:\KiemDinhPhanMem\appfilm\.gradle\6.5\fileContent)" [_thread_blocked, id=18916, stack(0x0000000029920000,0x0000000029a20000)]
  0x000000001bce0000 JavaThread "Memory manager" [_thread_blocked, id=14572, stack(0x0000000028d50000,0x0000000028e50000)]
  0x000000001bce4800 JavaThread "Cache worker for Build Output Cleanup Cache (G:\KiemDinhPhanMem\appfilm\.gradle\buildOutputCleanup)" [_thread_blocked, id=6640, stack(0x0000000028650000,0x0000000028750000)]
  0x000000001bce2000 JavaThread "jar transforms Thread 94" [_thread_blocked, id=3172, stack(0x0000000028350000,0x0000000028450000)]
  0x000000001bce3800 JavaThread "jar transforms Thread 93" [_thread_blocked, id=22456, stack(0x0000000028250000,0x0000000028350000)]
  0x000000001bce3000 JavaThread "jar transforms Thread 92" [_thread_blocked, id=11764, stack(0x0000000028150000,0x0000000028250000)]
  0x000000001bcd8800 JavaThread "jar transforms Thread 91" [_thread_blocked, id=24348, stack(0x0000000028050000,0x0000000028150000)]
  0x000000001bcda000 JavaThread "jar transforms Thread 90" [_thread_blocked, id=22980, stack(0x0000000027f50000,0x0000000028050000)]
  0x000000001bcdf000 JavaThread "jar transforms Thread 89" [_thread_blocked, id=25344, stack(0x0000000027e50000,0x0000000027f50000)]
  0x000000001bcde800 JavaThread "jar transforms Thread 88" [_thread_blocked, id=884, stack(0x0000000027d50000,0x0000000027e50000)]
  0x000000001bcdd800 JavaThread "jar transforms Thread 87" [_thread_blocked, id=14616, stack(0x0000000027c50000,0x0000000027d50000)]
  0x000000001bcd7800 JavaThread "jar transforms Thread 86" [_thread_blocked, id=7600, stack(0x0000000027b50000,0x0000000027c50000)]
  0x000000001bcdd000 JavaThread "jar transforms Thread 85" [_thread_blocked, id=16564, stack(0x0000000027a50000,0x0000000027b50000)]
  0x000000001bcd6000 JavaThread "jar transforms Thread 84" [_thread_blocked, id=18752, stack(0x0000000027950000,0x0000000027a50000)]
  0x000000001bcd5800 JavaThread "jar transforms Thread 83" [_thread_blocked, id=23052, stack(0x0000000027850000,0x0000000027950000)]
  0x000000001bcd7000 JavaThread "jar transforms Thread 82" [_thread_blocked, id=6404, stack(0x0000000027750000,0x0000000027850000)]
  0x000000001bcdb800 JavaThread "jar transforms Thread 81" [_thread_blocked, id=24836, stack(0x0000000027650000,0x0000000027750000)]
  0x000000001bcdc000 JavaThread "jar transforms Thread 80" [_thread_blocked, id=14044, stack(0x0000000027550000,0x0000000027650000)]
  0x000000001bcda800 JavaThread "jar transforms Thread 79" [_thread_blocked, id=8504, stack(0x0000000027450000,0x0000000027550000)]
  0x000000001bcd9000 JavaThread "jar transforms Thread 78" [_thread_blocked, id=6612, stack(0x0000000027350000,0x0000000027450000)]
  0x000000001a8bb800 JavaThread "jar transforms Thread 77" [_thread_blocked, id=16664, stack(0x0000000027250000,0x0000000027350000)]
  0x000000001a8b9800 JavaThread "jar transforms Thread 76" [_thread_blocked, id=16492, stack(0x0000000027150000,0x0000000027250000)]
  0x000000001a8bd000 JavaThread "jar transforms Thread 75" [_thread_blocked, id=12368, stack(0x0000000027050000,0x0000000027150000)]
  0x000000001a8b8800 JavaThread "jar transforms Thread 74" [_thread_blocked, id=11560, stack(0x0000000026f50000,0x0000000027050000)]
  0x000000001a8be800 JavaThread "jar transforms Thread 73" [_thread_blocked, id=13616, stack(0x0000000026e50000,0x0000000026f50000)]
  0x000000001a8bc800 JavaThread "jar transforms Thread 72" [_thread_blocked, id=17028, stack(0x0000000026d50000,0x0000000026e50000)]
  0x000000001a8bb000 JavaThread "jar transforms Thread 71" [_thread_blocked, id=6600, stack(0x0000000026c50000,0x0000000026d50000)]
  0x000000001a8be000 JavaThread "jar transforms Thread 70" [_thread_blocked, id=13452, stack(0x0000000026b50000,0x0000000026c50000)]
  0x000000001a8ba000 JavaThread "jar transforms Thread 69" [_thread_blocked, id=23260, stack(0x0000000026a50000,0x0000000026b50000)]
  0x000000001a8b2000 JavaThread "jar transforms Thread 68" [_thread_blocked, id=21972, stack(0x0000000026950000,0x0000000026a50000)]
  0x000000001a8b4000 JavaThread "jar transforms Thread 67" [_thread_blocked, id=17824, stack(0x0000000026850000,0x0000000026950000)]
  0x000000001a8b7000 JavaThread "jar transforms Thread 66" [_thread_blocked, id=10332, stack(0x0000000026750000,0x0000000026850000)]
  0x000000001a8b5800 JavaThread "jar transforms Thread 65" [_thread_blocked, id=9116, stack(0x0000000026650000,0x0000000026750000)]
  0x000000001a8b1000 JavaThread "jar transforms Thread 64" [_thread_blocked, id=460, stack(0x0000000026550000,0x0000000026650000)]
  0x000000001a8b8000 JavaThread "jar transforms Thread 63" [_thread_blocked, id=12816, stack(0x0000000026450000,0x0000000026550000)]
  0x000000001a8b5000 JavaThread "jar transforms Thread 62" [_thread_blocked, id=23584, stack(0x0000000026350000,0x0000000026450000)]
  0x000000001a8b3800 JavaThread "jar transforms Thread 61" [_thread_blocked, id=10436, stack(0x0000000026250000,0x0000000026350000)]
  0x000000001a8b6800 JavaThread "jar transforms Thread 60" [_thread_blocked, id=24700, stack(0x0000000026150000,0x0000000026250000)]
  0x000000001a8b2800 JavaThread "jar transforms Thread 59" [_thread_blocked, id=21160, stack(0x0000000026050000,0x0000000026150000)]
  0x000000001a8b0800 JavaThread "jar transforms Thread 58" [_thread_blocked, id=18720, stack(0x0000000025f50000,0x0000000026050000)]
  0x000000001a8af800 JavaThread "jar transforms Thread 57" [_thread_blocked, id=20648, stack(0x0000000025e50000,0x0000000025f50000)]
  0x000000001ab68800 JavaThread "jar transforms Thread 56" [_thread_blocked, id=23728, stack(0x0000000025d50000,0x0000000025e50000)]
  0x000000001ab67800 JavaThread "jar transforms Thread 55" [_thread_blocked, id=7844, stack(0x0000000025c50000,0x0000000025d50000)]
  0x000000001ab67000 JavaThread "jar transforms Thread 54" [_thread_blocked, id=22808, stack(0x0000000025b50000,0x0000000025c50000)]
  0x000000001ab6e000 JavaThread "jar transforms Thread 53" [_thread_blocked, id=14104, stack(0x0000000025a50000,0x0000000025b50000)]
  0x000000001ab66000 JavaThread "jar transforms Thread 52" [_thread_blocked, id=7860, stack(0x0000000025950000,0x0000000025a50000)]
  0x000000001ab69800 JavaThread "jar transforms Thread 51" [_thread_blocked, id=1432, stack(0x0000000025850000,0x0000000025950000)]
  0x000000001ab6b000 JavaThread "jar transforms Thread 50" [_thread_blocked, id=14712, stack(0x0000000025750000,0x0000000025850000)]
  0x000000001ab6d000 JavaThread "jar transforms Thread 49" [_thread_blocked, id=15540, stack(0x0000000025650000,0x0000000025750000)]
  0x000000001ab6b800 JavaThread "jar transforms Thread 48" [_thread_blocked, id=24768, stack(0x0000000025550000,0x0000000025650000)]
  0x000000001ab6a000 JavaThread "jar transforms Thread 47" [_thread_blocked, id=18020, stack(0x0000000025450000,0x0000000025550000)]
  0x000000001ab6c800 JavaThread "jar transforms Thread 46" [_thread_blocked, id=14404, stack(0x0000000025350000,0x0000000025450000)]
  0x000000001ab5e800 JavaThread "jar transforms Thread 45" [_thread_blocked, id=8724, stack(0x0000000025250000,0x0000000025350000)]
  0x000000001ab65800 JavaThread "jar transforms Thread 44" [_thread_blocked, id=24528, stack(0x0000000025150000,0x0000000025250000)]
  0x000000001ab5f800 JavaThread "jar transforms Thread 43" [_thread_blocked, id=15856, stack(0x0000000025050000,0x0000000025150000)]
  0x000000001ab63000 JavaThread "jar transforms Thread 42" [_thread_blocked, id=2420, stack(0x0000000024f50000,0x0000000025050000)]
  0x000000001ab61800 JavaThread "jar transforms Thread 41" [_thread_blocked, id=21912, stack(0x0000000024e50000,0x0000000024f50000)]
  0x000000001ab64800 JavaThread "jar transforms Thread 40" [_thread_blocked, id=20172, stack(0x0000000024d50000,0x0000000024e50000)]
  0x000000001ab62800 JavaThread "jar transforms Thread 39" [_thread_blocked, id=22412, stack(0x0000000024c50000,0x0000000024d50000)]
  0x000000001ab64000 JavaThread "jar transforms Thread 38" [_thread_blocked, id=12720, stack(0x0000000024b50000,0x0000000024c50000)]
  0x000000001ab61000 JavaThread "jar transforms Thread 37" [_thread_blocked, id=4428, stack(0x0000000024a50000,0x0000000024b50000)]
  0x000000001ab60000 JavaThread "jar transforms Thread 36" [_thread_blocked, id=9244, stack(0x0000000024950000,0x0000000024a50000)]
  0x000000001a0e9800 JavaThread "jar transforms Thread 35" [_thread_blocked, id=15160, stack(0x0000000024850000,0x0000000024950000)]
  0x000000001a0f0800 JavaThread "jar transforms Thread 34" [_thread_blocked, id=9168, stack(0x0000000024750000,0x0000000024850000)]
  0x000000001a0ef800 JavaThread "jar transforms Thread 33" [_thread_blocked, id=11484, stack(0x0000000024650000,0x0000000024750000)]
  0x000000001a0ed800 JavaThread "jar transforms Thread 32" [_thread_blocked, id=23596, stack(0x0000000024550000,0x0000000024650000)]
  0x000000001a0ec800 JavaThread "jar transforms Thread 31" [_thread_blocked, id=19252, stack(0x0000000024450000,0x0000000024550000)]
  0x000000001a0ee000 JavaThread "jar transforms Thread 30" [_thread_blocked, id=13204, stack(0x0000000024350000,0x0000000024450000)]
  0x000000001a0ec000 JavaThread "jar transforms Thread 29" [_thread_blocked, id=24320, stack(0x0000000024250000,0x0000000024350000)]
  0x000000001a0ef000 JavaThread "jar transforms Thread 28" [_thread_blocked, id=7564, stack(0x0000000024150000,0x0000000024250000)]
  0x000000001a0ea800 JavaThread "jar transforms Thread 27" [_thread_blocked, id=10904, stack(0x0000000024050000,0x0000000024150000)]
  0x000000001a0eb000 JavaThread "jar transforms Thread 26" [_thread_blocked, id=17948, stack(0x0000000023f50000,0x0000000024050000)]
  0x000000001a0e2000 JavaThread "jar transforms Thread 25" [_thread_blocked, id=12636, stack(0x0000000023e50000,0x0000000023f50000)]
  0x000000001a0e9000 JavaThread "jar transforms Thread 24" [_thread_blocked, id=15060, stack(0x0000000023d50000,0x0000000023e50000)]
  0x000000001a0e6800 JavaThread "jar transforms Thread 23" [_thread_blocked, id=3336, stack(0x0000000023c50000,0x0000000023d50000)]
  0x000000001a0e3800 JavaThread "jar transforms Thread 22" [_thread_blocked, id=13508, stack(0x0000000023b50000,0x0000000023c50000)]
  0x000000001a0e4800 JavaThread "jar transforms Thread 21" [_thread_blocked, id=13776, stack(0x0000000023a50000,0x0000000023b50000)]
  0x000000001a0e7800 JavaThread "jar transforms Thread 20" [_thread_blocked, id=11012, stack(0x0000000023950000,0x0000000023a50000)]
  0x000000001a0e1800 JavaThread "jar transforms Thread 19" [_thread_blocked, id=17736, stack(0x0000000023850000,0x0000000023950000)]
  0x000000001a0e8000 JavaThread "jar transforms Thread 18" [_thread_blocked, id=3220, stack(0x0000000023750000,0x0000000023850000)]
  0x000000001a0e3000 JavaThread "jar transforms Thread 17" [_thread_blocked, id=1932, stack(0x0000000023650000,0x0000000023750000)]
  0x000000001a0e6000 JavaThread "jar transforms Thread 16" [_thread_blocked, id=13828, stack(0x0000000023550000,0x0000000023650000)]
  0x000000001a0e5000 JavaThread "jar transforms Thread 15" [_thread_blocked, id=8916, stack(0x0000000023450000,0x0000000023550000)]
  0x000000002112e000 JavaThread "jar transforms Thread 14" [_thread_blocked, id=15332, stack(0x0000000023350000,0x0000000023450000)]
  0x000000002112f000 JavaThread "jar transforms Thread 13" [_thread_blocked, id=14496, stack(0x0000000023250000,0x0000000023350000)]
  0x000000002112c800 JavaThread "jar transforms Thread 12" [_thread_blocked, id=19792, stack(0x0000000023150000,0x0000000023250000)]
  0x0000000021130800 JavaThread "jar transforms Thread 11" [_thread_blocked, id=9672, stack(0x0000000023050000,0x0000000023150000)]
  0x000000002112f800 JavaThread "jar transforms Thread 10" [_thread_blocked, id=25480, stack(0x0000000022f50000,0x0000000023050000)]
  0x000000002112d800 JavaThread "jar transforms Thread 9" [_thread_blocked, id=12508, stack(0x0000000022e50000,0x0000000022f50000)]
  0x0000000021125000 JavaThread "jar transforms Thread 8" [_thread_blocked, id=21164, stack(0x0000000022d50000,0x0000000022e50000)]
  0x000000002112c000 JavaThread "jar transforms Thread 7" [_thread_blocked, id=14876, stack(0x0000000022c50000,0x0000000022d50000)]
  0x000000002112b000 JavaThread "jar transforms Thread 6" [_thread_blocked, id=23640, stack(0x0000000022b50000,0x0000000022c50000)]
  0x000000002112a000 JavaThread "jar transforms Thread 5" [_thread_blocked, id=21260, stack(0x0000000022a50000,0x0000000022b50000)]
  0x0000000021123800 JavaThread "jar transforms Thread 4" [_thread_blocked, id=23092, stack(0x0000000022950000,0x0000000022a50000)]
  0x0000000021129800 JavaThread "jar transforms Thread 3" [_thread_blocked, id=24496, stack(0x0000000022850000,0x0000000022950000)]
  0x0000000021124000 JavaThread "jar transforms Thread 2" [_thread_blocked, id=24160, stack(0x0000000022750000,0x0000000022850000)]
  0x0000000021128800 JavaThread "Build operations Thread 4" [_thread_blocked, id=13436, stack(0x0000000022650000,0x0000000022750000)]
  0x0000000021121000 JavaThread "Build operations Thread 3" [_thread_in_Java, id=18716, stack(0x0000000022550000,0x0000000022650000)]
  0x0000000021125800 JavaThread "Build operations Thread 2" [_thread_in_Java, id=21816, stack(0x0000000022450000,0x0000000022550000)]
  0x0000000021122000 JavaThread "Build operations" [_thread_in_Java, id=20112, stack(0x0000000022350000,0x0000000022450000)]
  0x000000001b6e6000 JavaThread "Cache worker for file content cache (C:\Users\Hieu\.gradle\caches\6.5\fileContent)" [_thread_blocked, id=20896, stack(0x0000000021c50000,0x0000000021d50000)]
  0x000000001b6ec000 JavaThread "jar transforms" [_thread_blocked, id=3652, stack(0x0000000021b50000,0x0000000021c50000)]
  0x000000001b6e5000 JavaThread "Cache worker for execution history cache (C:\Users\Hieu\.gradle\caches\6.5\executionHistory)" [_thread_blocked, id=17492, stack(0x0000000020250000,0x0000000020350000)]
  0x000000001b6eb800 JavaThread "Cache worker for cache directory md-rule (C:\Users\Hieu\.gradle\caches\6.5\md-rule)" [_thread_blocked, id=3940, stack(0x0000000020150000,0x0000000020250000)]
  0x000000001b6e7800 JavaThread "Cache worker for cache directory md-supplier (C:\Users\Hieu\.gradle\caches\6.5\md-supplier)" [_thread_blocked, id=19604, stack(0x0000000020050000,0x0000000020150000)]
  0x000000001b6ea800 JavaThread "Cache worker for checksums cache (G:\KiemDinhPhanMem\appfilm\.gradle\checksums)" [_thread_blocked, id=19712, stack(0x000000001ff50000,0x0000000020050000)]
  0x000000001b6e7000 JavaThread "Cache worker for file hash cache (G:\KiemDinhPhanMem\appfilm\.gradle\6.5\fileHashes)" [_thread_blocked, id=22896, stack(0x000000001fc50000,0x000000001fd50000)]
  0x000000001b6ea000 JavaThread "Cache worker for file hash cache (C:\Users\Hieu\.gradle\caches\6.5\fileHashes)" [_thread_blocked, id=23544, stack(0x000000001d9b0000,0x000000001dab0000)]
  0x000000001b6e9000 JavaThread "File lock request listener" [_thread_in_native, id=17432, stack(0x000000001d8b0000,0x000000001d9b0000)]
  0x0000000019acf000 JavaThread "Cache worker for journal cache (C:\Users\Hieu\.gradle\caches\journal-1)" [_thread_blocked, id=11276, stack(0x000000001d6b0000,0x000000001d7b0000)]
  0x0000000019d41000 JavaThread "Thread-9" [_thread_blocked, id=7468, stack(0x000000001d3b0000,0x000000001d4b0000)]
  0x0000000019c21800 JavaThread "Stdin handler" [_thread_blocked, id=12068, stack(0x000000001d2b0000,0x000000001d3b0000)]
  0x0000000019c1c800 JavaThread "Asynchronous log dispatcher for DefaultDaemonConnection: socket connection from /127.0.0.1:61723 to /127.0.0.1:61724" [_thread_blocked, id=12388, stack(0x000000001d1b0000,0x000000001d2b0000)]
  0x0000000019aff000 JavaThread "Daemon worker" [_thread_blocked, id=23784, stack(0x000000001d0b0000,0x000000001d1b0000)]
  0x0000000019b16800 JavaThread "Cancel handler" [_thread_blocked, id=10148, stack(0x000000001cfb0000,0x000000001d0b0000)]
  0x000000001b5cc800 JavaThread "Handler for socket connection from /127.0.0.1:61723 to /127.0.0.1:61724" [_thread_in_native, id=13188, stack(0x000000001ceb0000,0x000000001cfb0000)]
  0x000000001b5cc000 JavaThread "Daemon" [_thread_blocked, id=13388, stack(0x000000001cdb0000,0x000000001ceb0000)]
  0x000000001b5c4800 JavaThread "Daemon periodic checks" [_thread_blocked, id=4748, stack(0x000000001cab0000,0x000000001cbb0000)]
  0x000000001b5b6000 JavaThread "Incoming local TCP Connector on port 61723" [_thread_in_native, id=22152, stack(0x000000001c870000,0x000000001c970000)]
  0x000000001b0c3000 JavaThread "Daemon health stats" [_thread_blocked, id=10588, stack(0x000000001c230000,0x000000001c330000)]
  0x00000000191a5800 JavaThread "Service Thread" daemon [_thread_blocked, id=6596, stack(0x0000000019630000,0x0000000019730000)]
  0x0000000019180800 JavaThread "C1 CompilerThread2" daemon [_thread_in_vm, id=6180, stack(0x0000000019530000,0x0000000019630000)]
=>0x00000000178f0800 JavaThread "C2 CompilerThread1" daemon [_thread_in_native, id=23332, stack(0x0000000019030000,0x0000000019130000)]
  0x00000000178eb800 JavaThread "C2 CompilerThread0" daemon [_thread_in_native, id=3148, stack(0x0000000018f30000,0x0000000019030000)]
  0x00000000178ea800 JavaThread "Attach Listener" daemon [_thread_blocked, id=25304, stack(0x0000000018e30000,0x0000000018f30000)]
  0x0000000017936800 JavaThread "Signal Dispatcher" daemon [_thread_blocked, id=1216, stack(0x0000000018d30000,0x0000000018e30000)]
  0x00000000178c9000 JavaThread "Finalizer" daemon [_thread_blocked, id=9212, stack(0x0000000018b30000,0x0000000018c30000)]
  0x0000000002cb2000 JavaThread "Reference Handler" daemon [_thread_blocked, id=3744, stack(0x0000000018a30000,0x0000000018b30000)]
  0x0000000000e9e000 JavaThread "main" [_thread_blocked, id=6752, stack(0x0000000002a40000,0x0000000002b40000)]

Other Threads:
  0x00000000178a6000 VMThread [stack: 0x0000000018930000,0x0000000018a30000] [id=12468]
  0x00000000191a6800 WatcherThread [stack: 0x0000000019730000,0x0000000019830000] [id=24864]

VM state:not at safepoint (normal execution)

VM Mutex/Monitor currently owned by a thread: None

heap address: 0x0000000080000000, size: 2048 MB, Compressed Oops mode: 32-bit
Narrow klass base: 0x0000000000000000, Narrow klass shift: 3
Compressed class space size: 1073741824 Address: 0x0000000100000000

Heap:
 PSYoungGen      total 291840K, used 78736K [0x00000000d5580000, 0x00000000e9480000, 0x0000000100000000)
  eden space 267264K, 20% used [0x00000000d5580000,0x00000000d8a6a720,0x00000000e5a80000)
  from space 24576K, 99% used [0x00000000e5a80000,0x00000000e72799b0,0x00000000e7280000)
  to   space 20480K, 0% used [0x00000000e7280000,0x00000000e7280000,0x00000000e8680000)
 ParOldGen       total 159744K, used 72761K [0x0000000080000000, 0x0000000089c00000, 0x00000000d5580000)
  object space 159744K, 45% used [0x0000000080000000,0x000000008470e618,0x0000000089c00000)
 Metaspace       used 79717K, capacity 84274K, committed 84504K, reserved 1122304K
  class space    used 10946K, capacity 11794K, committed 11824K, reserved 1048576K

Card table byte_map: [0x0000000012080000,0x0000000012490000] byte_map_base: 0x0000000011c80000

Marking Bits: (ParMarkBitMap*) 0x000000006be6f030
 Begin Bits: [0x0000000012b40000, 0x0000000014b40000)
 End Bits:   [0x0000000014b40000, 0x0000000016b40000)

Polling page: 0x0000000000e80000

CodeCache: size=245760Kb used=34811Kb max_used=34811Kb free=210948Kb
 bounds [0x0000000002cc0000, 0x0000000004ef0000, 0x0000000011cc0000]
 total_blobs=11707 nmethods=10879 adapters=738
 compilation: enabled

Compilation events (10 events):
Event: 25.440 Thread 0x0000000019180800 nmethod 12735 0x0000000004e94c10 code [0x0000000004e94d60, 0x0000000004e94e70]
Event: 25.440 Thread 0x0000000019180800 12728 %     3       com.android.tools.r8.ir.regalloc.a::a @ 976 (3992 bytes)
Event: 25.484 Thread 0x0000000019180800 nmethod 12728% 0x0000000004e94ed0 code [0x0000000004e96e80, 0x0000000004ead078]
Event: 25.484 Thread 0x0000000019180800 12742 %     3       com.android.tools.r8.s.b.X::c @ 660 (1154 bytes)
Event: 25.492 Thread 0x0000000019180800 nmethod 12742% 0x0000000004ebac90 code [0x0000000004ebb6a0, 0x0000000004ec2e18]
Event: 25.492 Thread 0x0000000019180800 12744       1       com.android.tools.r8.s.b.t0::O2 (11 bytes)
Event: 25.492 Thread 0x0000000019180800 nmethod 12744 0x0000000004ec7bd0 code [0x0000000004ec7d20, 0x0000000004ec7e30]
Event: 25.492 Thread 0x0000000019180800 12721 %     3       com.android.tools.r8.ir.regalloc.a::i @ 336 (610 bytes)
Event: 25.499 Thread 0x0000000019180800 nmethod 12721% 0x0000000004ec7ed0 code [0x0000000004ec87c0, 0x0000000004ece708]
Event: 25.499 Thread 0x0000000019180800 12741 %     3       com.android.tools.r8.ir.conversion.K::a @ 711 (951 bytes)

GC Heap History (10 events):
Event: 10.871 GC heap before
{Heap before GC invocations=14 (full 3):
 PSYoungGen      total 203264K, used 11544K [0x00000000d5580000, 0x00000000e6500000, 0x0000000100000000)
  eden space 183808K, 0% used [0x00000000d5580000,0x00000000d5580000,0x00000000e0900000)
  from space 19456K, 59% used [0x00000000e0900000,0x00000000e1446108,0x00000000e1c00000)
  to   space 18944K, 0% used [0x00000000e5280000,0x00000000e5280000,0x00000000e6500000)
 ParOldGen       total 105984K, used 32061K [0x0000000080000000, 0x0000000086780000, 0x00000000d5580000)
  object space 105984K, 30% used [0x0000000080000000,0x0000000081f4f7c0,0x0000000086780000)
 Metaspace       used 56827K, capacity 59118K, committed 59160K, reserved 1099776K
  class space    used 7772K, capacity 8232K, committed 8240K, reserved 1048576K
Event: 11.163 GC heap after
Heap after GC invocations=14 (full 3):
 PSYoungGen      total 203264K, used 0K [0x00000000d5580000, 0x00000000e6500000, 0x0000000100000000)
  eden space 183808K, 0% used [0x00000000d5580000,0x00000000d5580000,0x00000000e0900000)
  from space 19456K, 0% used [0x00000000e0900000,0x00000000e0900000,0x00000000e1c00000)
  to   space 18944K, 0% used [0x00000000e5280000,0x00000000e5280000,0x00000000e6500000)
 ParOldGen       total 159744K, used 32136K [0x0000000080000000, 0x0000000089c00000, 0x00000000d5580000)
  object space 159744K, 20% used [0x0000000080000000,0x0000000081f62068,0x0000000089c00000)
 Metaspace       used 56817K, capacity 59082K, committed 59160K, reserved 1099776K
  class space    used 7768K, capacity 8226K, committed 8240K, reserved 1048576K
}
Event: 14.599 GC heap before
{Heap before GC invocations=15 (full 3):
 PSYoungGen      total 203264K, used 183808K [0x00000000d5580000, 0x00000000e6500000, 0x0000000100000000)
  eden space 183808K, 100% used [0x00000000d5580000,0x00000000e0900000,0x00000000e0900000)
  from space 19456K, 0% used [0x00000000e0900000,0x00000000e0900000,0x00000000e1c00000)
  to   space 18944K, 0% used [0x00000000e5280000,0x00000000e5280000,0x00000000e6500000)
 ParOldGen       total 159744K, used 32136K [0x0000000080000000, 0x0000000089c00000, 0x00000000d5580000)
  object space 159744K, 20% used [0x0000000080000000,0x0000000081f62068,0x0000000089c00000)
 Metaspace       used 64208K, capacity 67236K, committed 67608K, reserved 1107968K
  class space    used 8837K, capacity 9409K, committed 9520K, reserved 1048576K
Event: 14.623 GC heap after
Heap after GC invocations=15 (full 3):
 PSYoungGen      total 242688K, used 15968K [0x00000000d5580000, 0x00000000e6280000, 0x0000000100000000)
  eden space 226304K, 0% used [0x00000000d5580000,0x00000000d5580000,0x00000000e3280000)
  from space 16384K, 97% used [0x00000000e5280000,0x00000000e6218098,0x00000000e6280000)
  to   space 20480K, 0% used [0x00000000e3a80000,0x00000000e3a80000,0x00000000e4e80000)
 ParOldGen       total 159744K, used 32144K [0x0000000080000000, 0x0000000089c00000, 0x00000000d5580000)
  object space 159744K, 20% used [0x0000000080000000,0x0000000081f64068,0x0000000089c00000)
 Metaspace       used 64208K, capacity 67236K, committed 67608K, reserved 1107968K
  class space    used 8837K, capacity 9409K, committed 9520K, reserved 1048576K
}
Event: 18.517 GC heap before
{Heap before GC invocations=16 (full 3):
 PSYoungGen      total 242688K, used 242272K [0x00000000d5580000, 0x00000000e6280000, 0x0000000100000000)
  eden space 226304K, 100% used [0x00000000d5580000,0x00000000e3280000,0x00000000e3280000)
  from space 16384K, 97% used [0x00000000e5280000,0x00000000e6218098,0x00000000e6280000)
  to   space 20480K, 0% used [0x00000000e3a80000,0x00000000e3a80000,0x00000000e4e80000)
 ParOldGen       total 159744K, used 32144K [0x0000000080000000, 0x0000000089c00000, 0x00000000d5580000)
  object space 159744K, 20% used [0x0000000080000000,0x0000000081f64068,0x0000000089c00000)
 Metaspace       used 66409K, capacity 69458K, committed 69656K, reserved 1110016K
  class space    used 9070K, capacity 9668K, committed 9776K, reserved 1048576K
Event: 18.534 GC heap after
Heap after GC invocations=16 (full 3):
 PSYoungGen      total 254976K, used 13592K [0x00000000d5580000, 0x00000000e8680000, 0x0000000100000000)
  eden space 234496K, 0% used [0x00000000d5580000,0x00000000d5580000,0x00000000e3a80000)
  from space 20480K, 66% used [0x00000000e3a80000,0x00000000e47c6038,0x00000000e4e80000)
  to   space 20480K, 0% used [0x00000000e7280000,0x00000000e7280000,0x00000000e8680000)
 ParOldGen       total 159744K, used 32152K [0x0000000080000000, 0x0000000089c00000, 0x00000000d5580000)
  object space 159744K, 20% used [0x0000000080000000,0x0000000081f66068,0x0000000089c00000)
 Metaspace       used 66409K, capacity 69458K, committed 69656K, reserved 1110016K
  class space    used 9070K, capacity 9668K, committed 9776K, reserved 1048576K
}
Event: 22.548 GC heap before
{Heap before GC invocations=17 (full 3):
 PSYoungGen      total 254976K, used 248088K [0x00000000d5580000, 0x00000000e8680000, 0x0000000100000000)
  eden space 234496K, 100% used [0x00000000d5580000,0x00000000e3a80000,0x00000000e3a80000)
  from space 20480K, 66% used [0x00000000e3a80000,0x00000000e47c6038,0x00000000e4e80000)
  to   space 20480K, 0% used [0x00000000e7280000,0x00000000e7280000,0x00000000e8680000)
 ParOldGen       total 159744K, used 32152K [0x0000000080000000, 0x0000000089c00000, 0x00000000d5580000)
  object space 159744K, 20% used [0x0000000080000000,0x0000000081f66068,0x0000000089c00000)
 Metaspace       used 70983K, capacity 74566K, committed 74904K, reserved 1114112K
  class space    used 9660K, capacity 10302K, committed 10416K, reserved 1048576K
Event: 22.595 GC heap after
Heap after GC invocations=17 (full 3):
 PSYoungGen      total 287744K, used 20463K [0x00000000d5580000, 0x00000000e9480000, 0x0000000100000000)
  eden space 267264K, 0% used [0x00000000d5580000,0x00000000d5580000,0x00000000e5a80000)
  from space 20480K, 99% used [0x00000000e7280000,0x00000000e867bfa0,0x00000000e8680000)
  to   space 24576K, 0% used [0x00000000e5a80000,0x00000000e5a80000,0x00000000e7280000)
 ParOldGen       total 159744K, used 35799K [0x0000000080000000, 0x0000000089c00000, 0x00000000d5580000)
  object space 159744K, 22% used [0x0000000080000000,0x00000000822f5c80,0x0000000089c00000)
 Metaspace       used 70983K, capacity 74566K, committed 74904K, reserved 1114112K
  class space    used 9660K, capacity 10302K, committed 10416K, reserved 1048576K
}
Event: 24.856 GC heap before
{Heap before GC invocations=18 (full 3):
 PSYoungGen      total 287744K, used 287727K [0x00000000d5580000, 0x00000000e9480000, 0x0000000100000000)
  eden space 267264K, 100% used [0x00000000d5580000,0x00000000e5a80000,0x00000000e5a80000)
  from space 20480K, 99% used [0x00000000e7280000,0x00000000e867bfa0,0x00000000e8680000)
  to   space 24576K, 0% used [0x00000000e5a80000,0x00000000e5a80000,0x00000000e7280000)
 ParOldGen       total 159744K, used 35799K [0x0000000080000000, 0x0000000089c00000, 0x00000000d5580000)
  object space 159744K, 22% used [0x0000000080000000,0x00000000822f5c80,0x0000000089c00000)
 Metaspace       used 79072K, capacity 83540K, committed 83736K, reserved 1122304K
  class space    used 10890K, capacity 11723K, committed 11824K, reserved 1048576K
Event: 24.960 GC heap after
Heap after GC invocations=18 (full 3):
 PSYoungGen      total 291840K, used 24550K [0x00000000d5580000, 0x00000000e9480000, 0x0000000100000000)
  eden space 267264K, 0% used [0x00000000d5580000,0x00000000d5580000,0x00000000e5a80000)
  from space 24576K, 99% used [0x00000000e5a80000,0x00000000e72799b0,0x00000000e7280000)
  to   space 20480K, 0% used [0x00000000e7280000,0x00000000e7280000,0x00000000e8680000)
 ParOldGen       total 159744K, used 72761K [0x0000000080000000, 0x0000000089c00000, 0x00000000d5580000)
  object space 159744K, 45% used [0x0000000080000000,0x000000008470e618,0x0000000089c00000)
 Metaspace       used 79072K, capacity 83540K, committed 83736K, reserved 1122304K
  class space    used 10890K, capacity 11723K, committed 11824K, reserved 1048576K
}

Deoptimization events (10 events):
Event: 24.814 Thread 0x0000000021125800 Uncommon trap: reason=bimorphic action=maybe_recompile pc=0x0000000004c6d938 method=com.android.tools.r8.s.b.s1.a(Lcom/android/tools/r8/s/a/p/u;)Lcom/android/tools/r8/s/b/s1; @ 12
Event: 24.814 Thread 0x0000000021125800 Uncommon trap: reason=bimorphic action=maybe_recompile pc=0x0000000004c6d938 method=com.android.tools.r8.s.b.s1.a(Lcom/android/tools/r8/s/a/p/u;)Lcom/android/tools/r8/s/b/s1; @ 12
Event: 24.814 Thread 0x0000000021125800 Uncommon trap: reason=bimorphic action=maybe_recompile pc=0x0000000004c6d938 method=com.android.tools.r8.s.b.s1.a(Lcom/android/tools/r8/s/a/p/u;)Lcom/android/tools/r8/s/b/s1; @ 12
Event: 24.814 Thread 0x0000000021125800 Uncommon trap: reason=bimorphic action=maybe_recompile pc=0x0000000004c7f154 method=com.android.tools.r8.s.b.s1.a(Lcom/android/tools/r8/s/a/p/u;)Lcom/android/tools/r8/s/b/s1; @ 12
Event: 24.997 Thread 0x0000000021121000 Uncommon trap: reason=unstable_if action=reinterpret pc=0x00000000031d6438 method=java.util.concurrent.ConcurrentHashMap.transfer([Ljava/util/concurrent/ConcurrentHashMap$Node;[Ljava/util/concurrent/ConcurrentHashMap$Node;)V @ 356
Event: 25.001 Thread 0x0000000021121000 Uncommon trap: reason=unstable_if action=reinterpret pc=0x00000000031b554c method=java.util.concurrent.ConcurrentHashMap.transfer([Ljava/util/concurrent/ConcurrentHashMap$Node;[Ljava/util/concurrent/ConcurrentHashMap$Node;)V @ 356
Event: 25.002 Thread 0x0000000021121000 Uncommon trap: reason=unstable_if action=reinterpret pc=0x0000000004a8b10c method=com.android.tools.r8.graph.i0.a(C)I @ 1
Event: 25.002 Thread 0x0000000021121000 Uncommon trap: reason=unstable_if action=reinterpret pc=0x0000000004a109f0 method=com.android.tools.r8.graph.i0.a(C[BI)I @ 1
Event: 25.018 Thread 0x0000000021122000 Uncommon trap: reason=bimorphic action=maybe_recompile pc=0x0000000004d23738 method=com.android.tools.r8.s.b.s1.a(Lcom/android/tools/r8/s/a/p/u;)Lcom/android/tools/r8/s/b/s1; @ 23
Event: 25.018 Thread 0x0000000021122000 Uncommon trap: reason=bimorphic action=maybe_recompile pc=0x0000000004d23738 method=com.android.tools.r8.s.b.s1.a(Lcom/android/tools/r8/s/a/p/u;)Lcom/android/tools/r8/s/b/s1; @ 23

Classes redefined (0 events):
No events

Internal exceptions (10 events):
Event: 22.802 Thread 0x0000000021122000 Exception <a 'sun/nio/fs/WindowsException'> (0x00000000d6b956d0) thrown at [C:\src\AOSP-openjdk-git\hotspot\src\share\vm\prims\jni.cpp, line 710]
Event: 22.855 Thread 0x0000000021125800 Exception <a 'sun/nio/fs/WindowsException'> (0x00000000d8297718) thrown at [C:\src\AOSP-openjdk-git\hotspot\src\share\vm\prims\jni.cpp, line 710]
Event: 22.916 Thread 0x000000001bc6e800 Exception <a 'sun/nio/fs/WindowsException'> (0x00000000d8dd01b8) thrown at [C:\src\AOSP-openjdk-git\hotspot\src\share\vm\prims\jni.cpp, line 710]
Event: 23.269 Thread 0x0000000021122000 Exception <a 'java/lang/IncompatibleClassChangeError': Found class java.lang.Object, but interface was expected> (0x00000000dadee048) thrown at [C:\src\AOSP-openjdk-git\hotspot\src\share\vm\interpreter\linkResolver.cpp, line 653]
Event: 24.095 Thread 0x0000000021125800 Exception <a 'java/lang/NoSuchMethodError': java.lang.Object.b(Lcom/android/tools/r8/graph/p1$b;)Lcom/android/tools/r8/graph/p1$b;> (0x00000000e1221c50) thrown at [C:\src\AOSP-openjdk-git\hotspot\src\share\vm\interpreter\linkResolver.cpp, line 620]
Event: 24.160 Thread 0x0000000021122000 Exception <a 'java/lang/NoSuchMethodError': java.lang.Object.lambda$comparingInt$7b0bb60$1(Ljava/util/function/ToIntFunction;Ljava/lang/Object;Ljava/lang/Object;)I> (0x00000000e1465d48) thrown at [C:\src\AOSP-openjdk-git\hotspot\src\share\vm\interpreter\l
Event: 24.160 Thread 0x000000001bc6e800 Exception <a 'java/lang/NoSuchMethodError': java.lang.Object.lambda$comparingInt$7b0bb60$1(Ljava/util/function/ToIntFunction;Ljava/lang/Object;Ljava/lang/Object;)I> (0x00000000e14b7fb8) thrown at [C:\src\AOSP-openjdk-git\hotspot\src\share\vm\interpreter\l
Event: 24.160 Thread 0x0000000021122000 Exception <a 'java/lang/NoSuchMethodError': java.lang.Object.lambda$maxBy$1(Ljava/util/Comparator;Ljava/lang/Object;Ljava/lang/Object;)Ljava/lang/Object;> (0x00000000e146a698) thrown at [C:\src\AOSP-openjdk-git\hotspot\src\share\vm\interpreter\linkResolve
Event: 24.160 Thread 0x000000001bc6e800 Exception <a 'java/lang/NoSuchMethodError': java.lang.Object.lambda$maxBy$1(Ljava/util/Comparator;Ljava/lang/Object;Ljava/lang/Object;)Ljava/lang/Object;> (0x00000000e14bc148) thrown at [C:\src\AOSP-openjdk-git\hotspot\src\share\vm\interpreter\linkResolve
Event: 24.709 Thread 0x0000000021121000 Exception <a 'sun/nio/fs/WindowsException'> (0x00000000e44e15c8) thrown at [C:\src\AOSP-openjdk-git\hotspot\src\share\vm\prims\jni.cpp, line 710]

Events (10 events):
Event: 25.360 Thread 0x0000000021121000 DEOPT PACKING pc=0x0000000004d8b4b9 sp=0x000000002264a410
Event: 25.360 Thread 0x0000000021121000 DEOPT UNPACKING pc=0x0000000002d075d0 sp=0x000000002264a170 mode 0
Event: 25.367 Thread 0x0000000021121000 DEOPT PACKING pc=0x0000000004d8b4b9 sp=0x000000002264a300
Event: 25.367 Thread 0x0000000021121000 DEOPT UNPACKING pc=0x0000000002d075d0 sp=0x000000002264a060 mode 0
Event: 25.372 Thread 0x0000000021121000 DEOPT PACKING pc=0x0000000004d8b4b9 sp=0x000000002264a300
Event: 25.372 Thread 0x0000000021121000 DEOPT UNPACKING pc=0x0000000002d075d0 sp=0x000000002264a060 mode 0
Event: 25.381 Executing VM operation: ForceSafepoint
Event: 25.382 Executing VM operation: ForceSafepoint done
Event: 25.412 loading class com/android/tools/r8/t/a/a/a/f/z0
Event: 25.412 loading class com/android/tools/r8/t/a/a/a/f/z0 done


Dynamic libraries:
0x00007ff712160000 - 0x00007ff712191000 	C:\Program Files\Android\Android Studio\jre\bin\java.exe
0x00007ff9d5970000 - 0x00007ff9d5b65000 	C:\Windows\SYSTEM32\ntdll.dll
0x00007ff9d55d0000 - 0x00007ff9d568d000 	C:\Windows\System32\KERNEL32.DLL
0x00007ff9d3250000 - 0x00007ff9d3519000 	C:\Windows\System32\KERNELBASE.dll
0x00007ff9d4fa0000 - 0x00007ff9d504c000 	C:\Windows\System32\ADVAPI32.dll
0x00007ff9d3f00000 - 0x00007ff9d3f9e000 	C:\Windows\System32\msvcrt.dll
0x00007ff9d56b0000 - 0x00007ff9d574b000 	C:\Windows\System32\sechost.dll
0x00007ff9d52c0000 - 0x00007ff9d53ea000 	C:\Windows\System32\RPCRT4.dll
0x00007ff9d4940000 - 0x00007ff9d4ae0000 	C:\Windows\System32\USER32.dll
0x00007ff9d3900000 - 0x00007ff9d3922000 	C:\Windows\System32\win32u.dll
0x00007ff9d54c0000 - 0x00007ff9d54ea000 	C:\Windows\System32\GDI32.dll
0x00007ff9d30b0000 - 0x00007ff9d31bb000 	C:\Windows\System32\gdi32full.dll
0x00007ff9d3600000 - 0x00007ff9d369d000 	C:\Windows\System32\msvcp_win.dll
0x00007ff9d36a0000 - 0x00007ff9d37a0000 	C:\Windows\System32\ucrtbase.dll
0x00007ff9c5ad0000 - 0x00007ff9c5d6a000 	C:\Windows\WinSxS\amd64_microsoft.windows.common-controls_6595b64144ccf1df_6.0.19041.1083_none_60bbe31371f34e71\COMCTL32.dll
0x00007ff9d4130000 - 0x00007ff9d4160000 	C:\Windows\System32\IMM32.DLL
0x000000006ae40000 - 0x000000006af12000 	C:\Program Files\Android\Android Studio\jre\jre\bin\msvcr100.dll
0x000000006b6a0000 - 0x000000006beeb000 	C:\Program Files\Android\Android Studio\jre\jre\bin\server\jvm.dll
0x00007ff9d5920000 - 0x00007ff9d5928000 	C:\Windows\System32\PSAPI.DLL
0x00007ff9c1610000 - 0x00007ff9c1619000 	C:\Windows\SYSTEM32\WSOCK32.dll
0x00007ff9d4e40000 - 0x00007ff9d4eab000 	C:\Windows\System32\WS2_32.dll
0x00007ff9c5880000 - 0x00007ff9c58a7000 	C:\Windows\SYSTEM32\WINMM.dll
0x00007ff9cced0000 - 0x00007ff9cceda000 	C:\Windows\SYSTEM32\VERSION.dll
0x00007ff9d0550000 - 0x00007ff9d055f000 	C:\Program Files\Android\Android Studio\jre\jre\bin\verify.dll
0x00007ff9ccaf0000 - 0x00007ff9ccb19000 	C:\Program Files\Android\Android Studio\jre\jre\bin\java.dll
0x00007ff9ccfa0000 - 0x00007ff9ccfb6000 	C:\Program Files\Android\Android Studio\jre\jre\bin\zip.dll
0x00007ff9d4160000 - 0x00007ff9d489f000 	C:\Windows\System32\SHELL32.dll
0x00007ff9d10a0000 - 0x00007ff9d1831000 	C:\Windows\SYSTEM32\windows.storage.dll
0x00007ff9d4ae0000 - 0x00007ff9d4e35000 	C:\Windows\System32\combase.dll
0x00007ff9d2b20000 - 0x00007ff9d2b4c000 	C:\Windows\SYSTEM32\Wldp.dll
0x00007ff9d5870000 - 0x00007ff9d591e000 	C:\Windows\System32\SHCORE.dll
0x00007ff9d5260000 - 0x00007ff9d52b5000 	C:\Windows\System32\shlwapi.dll
0x00007ff9d2ff0000 - 0x00007ff9d300f000 	C:\Windows\SYSTEM32\profapi.dll
0x00007ff9ccf10000 - 0x00007ff9ccf2a000 	C:\Program Files\Android\Android Studio\jre\jre\bin\net.dll
0x00007ff9d2880000 - 0x00007ff9d28ea000 	C:\Windows\system32\mswsock.dll
0x00007ff9ccb30000 - 0x00007ff9ccb43000 	C:\Program Files\Android\Android Studio\jre\jre\bin\nio.dll
0x00007ff9cc0d0000 - 0x00007ff9cc0f7000 	C:\Users\Hieu\.gradle\native\f6784746aeab05261644944871eae4fe03e0ef1612fff0a4a95f87b438bc6780\windows-amd64\native-platform.dll
0x00007ff9ccf70000 - 0x00007ff9ccf7d000 	C:\Program Files\Android\Android Studio\jre\jre\bin\management.dll
0x00007ff9d2a70000 - 0x00007ff9d2a88000 	C:\Windows\SYSTEM32\CRYPTSP.dll
0x00007ff9d21b0000 - 0x00007ff9d21e4000 	C:\Windows\system32\rsaenh.dll
0x00007ff9d35d0000 - 0x00007ff9d35f7000 	C:\Windows\System32\bcrypt.dll
0x00007ff9d2fb0000 - 0x00007ff9d2fde000 	C:\Windows\SYSTEM32\USERENV.dll
0x00007ff9d31c0000 - 0x00007ff9d3243000 	C:\Windows\System32\bcryptprimitives.dll
0x00007ff9d2a60000 - 0x00007ff9d2a6c000 	C:\Windows\SYSTEM32\CRYPTBASE.dll
0x00007ff9d2520000 - 0x00007ff9d255b000 	C:\Windows\SYSTEM32\IPHLPAPI.DLL
0x00007ff9d56a0000 - 0x00007ff9d56a8000 	C:\Windows\System32\NSI.dll
0x00007ff9ca7d0000 - 0x00007ff9ca7e7000 	C:\Windows\SYSTEM32\dhcpcsvc6.DLL
0x00007ff9cb240000 - 0x00007ff9cb25d000 	C:\Windows\SYSTEM32\dhcpcsvc.DLL
0x00007ff9d2570000 - 0x00007ff9d263c000 	C:\Windows\SYSTEM32\DNSAPI.dll
0x00007ff9cb650000 - 0x00007ff9cb65b000 	C:\Windows\SYSTEM32\WINNSI.DLL

VM Arguments:
jvm_args: -Xmx2048m -Dfile.encoding=UTF-8 -Duser.country=US -Duser.language=en -Duser.variant 
java_command: org.gradle.launcher.daemon.bootstrap.GradleDaemon 6.5
java_class_path (initial): C:\Users\Hieu\.gradle\wrapper\dists\gradle-6.5-bin\6nifqtx7604sqp1q6g8wikw7p\gradle-6.5\lib\gradle-launcher-6.5.jar
Launcher Type: SUN_STANDARD

Environment Variables:
PATH=C:\Windows\system32;C:\Windows;C:\Windows\System32\Wbem;C:\Windows\System32\WindowsPowerShell\v1.0\;C:\Windows\System32\OpenSSH\;C:\Program Files\Microsoft SQL Server\130\Tools\Binn\;C:\Program Files\Microsoft SQL Server\110\Tools\Binn\;C:\Program Files (x86)\Microsoft SQL Server\110\Tools\Binn\;C:\Program Files\Microsoft SQL Server\110\DTS\Binn\;C:\Program Files (x86)\Microsoft SQL Server\110\Tools\Binn\ManagementStudio\;C:\Program Files (x86)\Microsoft Visual Studio 10.0\Common7\IDE\PrivateAssemblies\;C:\Program Files (x86)\Microsoft SQL Server\110\DTS\Binn\;C:\Program Files\Microsoft\Web Platform Installer\;C:\Program Files (x86)\Microsoft ASP.NET\ASP.NET Web Pages\v1.0\;C:\Program Files (x86)\Rational\common;C:\Program Files\dotnet\;C:\Program Files\Microsoft SQL Server\Client SDK\ODBC\170\Tools\Binn\;C:\Program Files\Git\cmd;C:\Users\Hieu\AppData\Local\Microsoft\WindowsApps;C:\Users\Hieu\AppData\Local\GitHubDesktop\bin;C:\Users\Hieu\AppData\Local\Programs\Microsoft VS Code\bin;C:\Users\Hieu\.dotnet\tools
USERNAME=Hieu
OS=Windows_NT
PROCESSOR_IDENTIFIER=Intel64 Family 6 Model 142 Stepping 9, GenuineIntel



---------------  S Y S T E M  ---------------

OS: Windows 10.0 , 64 bit Build 19041 (10.0.19041.1023)

CPU:total 4 (initial active 4) (2 cores per cpu, 2 threads per core) family 6 model 142 stepping 9, cmov, cx8, fxsr, mmx, sse, sse2, sse3, ssse3, sse4.1, sse4.2, popcnt, avx, avx2, aes, clmul, erms, 3dnowpref, lzcnt, ht, tsc, tscinvbit, bmi1, bmi2, adx

Memory: 4k page, physical 12445644k(1988112k free), swap 19099336k(5272k free)

vm_info: OpenJDK 64-Bit Server VM (25.242-b01) for windows-amd64 JRE (1.8.0_242-release-1644-b01), built by "builder" with MS VC++ 10.0 (VS2010)

time: Sun Jul 11 22:09:00 2021
timezone: SE Asia Standard Time
elapsed time: 25 seconds (0d 0h 0m 25s)

